# JRE version: OpenJDK Runtime Environment Temurin-21.0.12.1+1 (21.0.12.1+1) (build 21.0.12.1+1-LTS)
# Java VM: OpenJDK 64-Bit Server VM Temurin-21.0.12.1+1 (21.0.12.1+1-LTS, mixed mode, sharing, tiered, compressed oops, compressed class ptrs, g1 gc, windows-amd64)
GC Precious Log:
 CardTable entry size: 512
 Card Set container configuration: InlinePtr #cards 5 size 8 Array Of Cards #cards 12 size 40 Howl #buckets 4 coarsen threshold 1843 Howl Bitmap #cards 512 size 80 coarsen threshold 460 Card regions per heap region 1 cards per card region 2048
 CPUs: 12 total, 12 available
 Memory: 15754M
 Large Page Support: Disabled
 NUMA Support: Disabled
 Compressed Oops: Enabled (32-bit)
 Heap Region Size: 1M
 Heap Min Capacity: 8M
 Heap Initial Capacity: 248M
 Heap Max Capacity: 1536M
 Pre-touch: Disabled
 Parallel Workers: 10
 Concurrent Workers: 3
 Concurrent Refinement Workers: 10
 Periodic GC: Disabled
Heap:
 garbage-first heap   total 86016K, used 48594K [0x00000000a0000000, 0x0000000100000000)
  region size 1024K, 15 young (15360K), 5 survivors (5120K)
 Metaspace       used 46997K, committed 48640K, reserved 1114112K
  class space    used 6798K, committed 7616K, reserved 1048576K
GC Heap History (20 events):
Event: 2.436 GC heap before
{Heap before GC invocations=0 (full 0):
 garbage-first heap   total 253952K, used 23552K [0x00000000a0000000, 0x0000000100000000)
  region size 1024K, 23 young (23552K), 0 survivors (0K)
 Metaspace       used 897K, committed 1024K, reserved 1114112K
  class space    used 72K, committed 128K, reserved 1048576K
}
Event: 2.596 GC heap after
{Heap after GC invocations=1 (full 0):
 garbage-first heap   total 253952K, used 1536K [0x00000000a0000000, 0x0000000100000000)
  region size 1024K, 2 young (2048K), 2 survivors (2048K)
 Metaspace       used 897K, committed 1024K, reserved 1114112K
  class space    used 72K, committed 128K, reserved 1048576K
}
Event: 5.658 GC heap before
{Heap before GC invocations=1 (full 0):
 garbage-first heap   total 253952K, used 39424K [0x00000000a0000000, 0x0000000100000000)
  region size 1024K, 37 young (37888K), 2 survivors (2048K)
 Metaspace       used 4400K, committed 4608K, reserved 1114112K
  class space    used 557K, committed 640K, reserved 1048576K
}
Event: 5.665 GC heap after
{Heap after GC invocations=2 (full 0):
 garbage-first heap   total 253952K, used 10928K [0x00000000a0000000, 0x0000000100000000)
  region size 1024K, 5 young (5120K), 5 survivors (5120K)
 Metaspace       used 4400K, committed 4608K, reserved 1114112K
  class space    used 557K, committed 640K, reserved 1048576K
}
Event: 27.024 GC heap before
{Heap before GC invocations=2 (full 0):
 garbage-first heap   total 253952K, used 159408K [0x00000000a0000000, 0x0000000100000000)
  region size 1024K, 148 young (151552K), 5 survivors (5120K)
 Metaspace       used 20713K, committed 21440K, reserved 1114112K
  class space    used 3047K, committed 3392K, reserved 1048576K
}
Event: 27.153 GC heap after
{Heap after GC invocations=3 (full 0):
 garbage-first heap   total 253952K, used 24762K [0x00000000a0000000, 0x0000000100000000)
  region size 1024K, 18 young (18432K), 18 survivors (18432K)
 Metaspace       used 20713K, committed 21440K, reserved 1114112K
  class space    used 3047K, committed 3392K, reserved 1048576K
}
Event: 27.261 GC heap before
{Heap before GC invocations=3 (full 0):
 garbage-first heap   total 253952K, used 25786K [0x00000000a0000000, 0x0000000100000000)
  region size 1024K, 20 young (20480K), 18 survivors (18432K)
 Metaspace       used 20858K, committed 21504K, reserved 1114112K
  class space    used 3067K, committed 3392K, reserved 1048576K
}
Event: 27.274 GC heap after
{Heap after GC invocations=4 (full 0):
 garbage-first heap   total 253952K, used 24919K [0x00000000a0000000, 0x0000000100000000)
  region size 1024K, 2 young (2048K), 2 survivors (2048K)
 Metaspace       used 20858K, committed 21504K, reserved 1114112K
  class space    used 3067K, committed 3392K, reserved 1048576K
}
Event: 91.592 GC heap before
{Heap before GC invocations=5 (full 0):
 garbage-first heap   total 86016K, used 74071K [0x00000000a0000000, 0x0000000100000000)
  region size 1024K, 50 young (51200K), 2 survivors (2048K)
 Metaspace       used 26396K, committed 27328K, reserved 1114112K
  class space    used 3967K, committed 4416K, reserved 1048576K
}
Event: 91.615 GC heap after
{Heap after GC invocations=6 (full 0):
 garbage-first heap   total 86016K, used 25863K [0x00000000a0000000, 0x0000000100000000)
  region size 1024K, 3 young (3072K), 3 survivors (3072K)
 Metaspace       used 26396K, committed 27328K, reserved 1114112K
  class space    used 3967K, committed 4416K, reserved 1048576K
}
Event: 137.040 GC heap before
{Heap before GC invocations=6 (full 0):
 garbage-first heap   total 86016K, used 70919K [0x00000000a0000000, 0x0000000100000000)
  region size 1024K, 48 young (49152K), 3 survivors (3072K)
 Metaspace       used 32872K, committed 33856K, reserved 1114112K
  class space    used 4716K, committed 5184K, reserved 1048576K
}
Event: 137.048 GC heap after
{Heap after GC invocations=7 (full 0):
 garbage-first heap   total 86016K, used 30112K [0x00000000a0000000, 0x0000000100000000)
  region size 1024K, 6 young (6144K), 6 survivors (6144K)
 Metaspace       used 32872K, committed 33856K, reserved 1114112K
  class space    used 4716K, committed 5184K, reserved 1048576K
}
Event: 140.922 GC heap before
{Heap before GC invocations=7 (full 0):
 garbage-first heap   total 86016K, used 59808K [0x00000000a0000000, 0x0000000100000000)
  region size 1024K, 32 young (32768K), 6 survivors (6144K)
 Metaspace       used 34921K, committed 35968K, reserved 1114112K
  class space    used 4932K, committed 5440K, reserved 1048576K
}
Event: 140.933 GC heap after
{Heap after GC invocations=8 (full 0):
 garbage-first heap   total 86016K, used 32254K [0x00000000a0000000, 0x0000000100000000)
  region size 1024K, 3 young (3072K), 3 survivors (3072K)
 Metaspace       used 34921K, committed 35968K, reserved 1114112K
  class space    used 4932K, committed 5440K, reserved 1048576K
}
Event: 196.146 GC heap before
{Heap before GC invocations=9 (full 0):
 garbage-first heap   total 86016K, used 73214K [0x00000000a0000000, 0x0000000100000000)
  region size 1024K, 43 young (44032K), 3 survivors (3072K)
 Metaspace       used 38657K, committed 39872K, reserved 1114112K
  class space    used 5536K, committed 6144K, reserved 1048576K
}
Event: 196.157 GC heap after
{Heap after GC invocations=10 (full 0):
 garbage-first heap   total 86016K, used 34667K [0x00000000a0000000, 0x0000000100000000)
  region size 1024K, 5 young (5120K), 5 survivors (5120K)
 Metaspace       used 38657K, committed 39872K, reserved 1114112K
  class space    used 5536K, committed 6144K, reserved 1048576K
}
Event: 201.785 GC heap before
{Heap before GC invocations=10 (full 0):
 garbage-first heap   total 86016K, used 74603K [0x00000000a0000000, 0x0000000100000000)
  region size 1024K, 44 young (45056K), 5 survivors (5120K)
 Metaspace       used 43138K, committed 44672K, reserved 1114112K
  class space    used 6269K, committed 7040K, reserved 1048576K
}
Event: 201.794 GC heap after
{Heap after GC invocations=11 (full 0):
 garbage-first heap   total 86016K, used 37325K [0x00000000a0000000, 0x0000000100000000)
  region size 1024K, 6 young (6144K), 6 survivors (6144K)
 Metaspace       used 43138K, committed 44672K, reserved 1114112K
  class space    used 6269K, committed 7040K, reserved 1048576K
}
Event: 265.789 GC heap before
{Heap before GC invocations=11 (full 0):
 garbage-first heap   total 86016K, used 76237K [0x00000000a0000000, 0x0000000100000000)
  region size 1024K, 43 young (44032K), 6 survivors (6144K)
 Metaspace       used 46046K, committed 47680K, reserved 1114112K
  class space    used 6632K, committed 7424K, reserved 1048576K
}
Event: 265.810 GC heap after
{Heap after GC invocations=12 (full 0):
 garbage-first heap   total 86016K, used 39378K [0x00000000a0000000, 0x0000000100000000)
  region size 1024K, 5 young (5120K), 5 survivors (5120K)
 Metaspace       used 46046K, committed 47680K, reserved 1114112K
  class space    used 6632K, committed 7424K, reserved 1048576K
}

