# JRE version: OpenJDK Runtime Environment Temurin-21.0.12.1+1 (21.0.12.1+1) (build 21.0.12.1+1-LTS)
# Java VM: OpenJDK 64-Bit Server VM Temurin-21.0.12.1+1 (21.0.12.1+1-LTS, mixed mode, sharing, tiered, compressed oops, compressed class ptrs, g1 gc, windows-amd64)
GC Precious Log:
 CardTable entry size: 512
 Card Set container configuration: InlinePtr #cards 5 size 8 Array Of Cards #cards 12 size 40 Howl #buckets 4 coarsen threshold 1843 Howl Bitmap #cards 512 size 80 coarsen threshold 460 Card regions per heap region 1 cards per card region 2048
 CPUs: 12 total, 12 available
 Memory: 15754M
 Large Page Support: Disabled
 NUMA Support: Disabled
 Compressed Oops: Enabled (32-bit)
 Heap Region Size: 1M
 Heap Min Capacity: 8M
 Heap Initial Capacity: 248M
 Heap Max Capacity: 1536M
 Pre-touch: Disabled
 Parallel Workers: 10
 Concurrent Workers: 3
 Concurrent Refinement Workers: 10
 Periodic GC: Disabled
Heap:
 garbage-first heap   total 86016K, used 71114K [0x00000000a0000000, 0x0000000100000000)
  region size 1024K, 41 young (41984K), 5 survivors (5120K)
 Metaspace       used 41995K, committed 43520K, reserved 1114112K
  class space    used 6064K, committed 6848K, reserved 1048576K
GC Heap History (16 events):
Event: 1.196 GC heap before
{Heap before GC invocations=0 (full 0):
 garbage-first heap   total 253952K, used 23552K [0x00000000a0000000, 0x0000000100000000)
  region size 1024K, 23 young (23552K), 0 survivors (0K)
 Metaspace       used 894K, committed 1024K, reserved 1114112K
  class space    used 72K, committed 128K, reserved 1048576K
}
Event: 1.285 GC heap after
{Heap after GC invocations=1 (full 0):
 garbage-first heap   total 253952K, used 1536K [0x00000000a0000000, 0x0000000100000000)
  region size 1024K, 2 young (2048K), 2 survivors (2048K)
 Metaspace       used 894K, committed 1024K, reserved 1114112K
  class space    used 72K, committed 128K, reserved 1048576K
}
Event: 3.425 GC heap before
{Heap before GC invocations=1 (full 0):
 garbage-first heap   total 253952K, used 40448K [0x00000000a0000000, 0x0000000100000000)
  region size 1024K, 38 young (38912K), 2 survivors (2048K)
 Metaspace       used 4413K, committed 4608K, reserved 1114112K
  class space    used 557K, committed 640K, reserved 1048576K
}
Event: 3.434 GC heap after
{Heap after GC invocations=2 (full 0):
 garbage-first heap   total 253952K, used 10667K [0x00000000a0000000, 0x0000000100000000)
  region size 1024K, 5 young (5120K), 5 survivors (5120K)
 Metaspace       used 4413K, committed 4608K, reserved 1114112K
  class space    used 557K, committed 640K, reserved 1048576K
}
Event: 22.382 GC heap before
{Heap before GC invocations=2 (full 0):
 garbage-first heap   total 253952K, used 159147K [0x00000000a0000000, 0x0000000100000000)
  region size 1024K, 148 young (151552K), 5 survivors (5120K)
 Metaspace       used 20632K, committed 21376K, reserved 1114112K
  class space    used 3038K, committed 3392K, reserved 1048576K
}
Event: 22.401 GC heap after
{Heap after GC invocations=3 (full 0):
 garbage-first heap   total 253952K, used 24161K [0x00000000a0000000, 0x0000000100000000)
  region size 1024K, 18 young (18432K), 18 survivors (18432K)
 Metaspace       used 20632K, committed 21376K, reserved 1114112K
  class space    used 3038K, committed 3392K, reserved 1048576K
}
Event: 22.464 GC heap before
{Heap before GC invocations=3 (full 0):
 garbage-first heap   total 253952K, used 25185K [0x00000000a0000000, 0x0000000100000000)
  region size 1024K, 20 young (20480K), 18 survivors (18432K)
 Metaspace       used 20827K, committed 21504K, reserved 1114112K
  class space    used 3071K, committed 3392K, reserved 1048576K
}
Event: 22.478 GC heap after
{Heap after GC invocations=4 (full 0):
 garbage-first heap   total 253952K, used 24844K [0x00000000a0000000, 0x0000000100000000)
  region size 1024K, 2 young (2048K), 2 survivors (2048K)
 Metaspace       used 20827K, committed 21504K, reserved 1114112K
  class space    used 3071K, committed 3392K, reserved 1048576K
}
Event: 54.518 GC heap before
{Heap before GC invocations=5 (full 0):
 garbage-first heap   total 86016K, used 73996K [0x00000000a0000000, 0x0000000100000000)
  region size 1024K, 50 young (51200K), 2 survivors (2048K)
 Metaspace       used 26832K, committed 27712K, reserved 1114112K
  class space    used 4047K, committed 4480K, reserved 1048576K
}
Event: 54.535 GC heap after
{Heap after GC invocations=6 (full 0):
 garbage-first heap   total 86016K, used 26002K [0x00000000a0000000, 0x0000000100000000)
  region size 1024K, 3 young (3072K), 3 survivors (3072K)
 Metaspace       used 26832K, committed 27712K, reserved 1114112K
  class space    used 4047K, committed 4480K, reserved 1048576K
}
Event: 56.623 GC heap before
{Heap before GC invocations=6 (full 0):
 garbage-first heap   total 86016K, used 70034K [0x00000000a0000000, 0x0000000100000000)
  region size 1024K, 47 young (48128K), 3 survivors (3072K)
 Metaspace       used 32856K, committed 33920K, reserved 1114112K
  class space    used 4726K, committed 5248K, reserved 1048576K
}
Event: 56.632 GC heap after
{Heap after GC invocations=7 (full 0):
 garbage-first heap   total 86016K, used 31067K [0x00000000a0000000, 0x0000000100000000)
  region size 1024K, 6 young (6144K), 6 survivors (6144K)
 Metaspace       used 32856K, committed 33920K, reserved 1114112K
  class space    used 4726K, committed 5248K, reserved 1048576K
}
Event: 57.383 GC heap before
{Heap before GC invocations=7 (full 0):
 garbage-first heap   total 86016K, used 53595K [0x00000000a0000000, 0x0000000100000000)
  region size 1024K, 24 young (24576K), 6 survivors (6144K)
 Metaspace       used 34915K, committed 35968K, reserved 1114112K
  class space    used 4945K, committed 5504K, reserved 1048576K
}
Event: 57.391 GC heap after
{Heap after GC invocations=8 (full 0):
 garbage-first heap   total 86016K, used 33767K [0x00000000a0000000, 0x0000000100000000)
  region size 1024K, 3 young (3072K), 3 survivors (3072K)
 Metaspace       used 34915K, committed 35968K, reserved 1114112K
  class space    used 4945K, committed 5504K, reserved 1048576K
}
Event: 150.275 GC heap before
{Heap before GC invocations=9 (full 0):
 garbage-first heap   total 86016K, used 71655K [0x00000000a0000000, 0x0000000100000000)
  region size 1024K, 40 young (40960K), 3 survivors (3072K)
 Metaspace       used 38063K, committed 39232K, reserved 1114112K
  class space    used 5397K, committed 5952K, reserved 1048576K
}
Event: 150.289 GC heap after
{Heap after GC invocations=10 (full 0):
 garbage-first heap   total 86016K, used 36298K [0x00000000a0000000, 0x0000000100000000)
  region size 1024K, 5 young (5120K), 5 survivors (5120K)
 Metaspace       used 38063K, committed 39232K, reserved 1114112K
  class space    used 5397K, committed 5952K, reserved 1048576K
}

