# JRE version: OpenJDK Runtime Environment Temurin-21.0.12.1+1 (21.0.12.1+1) (build 21.0.12.1+1-LTS)
# Java VM: OpenJDK 64-Bit Server VM Temurin-21.0.12.1+1 (21.0.12.1+1-LTS, mixed mode, sharing, tiered, compressed oops, compressed class ptrs, g1 gc, windows-amd64)
GC Precious Log:
 CardTable entry size: 512
 Card Set container configuration: InlinePtr #cards 5 size 8 Array Of Cards #cards 12 size 40 Howl #buckets 4 coarsen threshold 1843 Howl Bitmap #cards 512 size 80 coarsen threshold 460 Card regions per heap region 1 cards per card region 2048
 CPUs: 12 total, 12 available
 Memory: 15754M
 Large Page Support: Disabled
 NUMA Support: Disabled
 Compressed Oops: Enabled (32-bit)
 Heap Region Size: 1M
 Heap Min Capacity: 8M
 Heap Initial Capacity: 248M
 Heap Max Capacity: 1536M
 Pre-touch: Disabled
 Parallel Workers: 10
 Concurrent Workers: 3
 Concurrent Refinement Workers: 10
 Periodic GC: Disabled
Heap:
 garbage-first heap   total 89088K, used 60840K [0x00000000a0000000, 0x0000000100000000)
  region size 1024K, 24 young (24576K), 4 survivors (4096K)
 Metaspace       used 49188K, committed 50944K, reserved 1114112K
  class space    used 7082K, committed 7936K, reserved 1048576K
GC Heap History (20 events):
Event: 3.578 GC heap before
{Heap before GC invocations=1 (full 0):
 garbage-first heap   total 253952K, used 40448K [0x00000000a0000000, 0x0000000100000000)
  region size 1024K, 38 young (38912K), 2 survivors (2048K)
 Metaspace       used 4401K, committed 4608K, reserved 1114112K
  class space    used 557K, committed 640K, reserved 1048576K
}
Event: 3.586 GC heap after
{Heap after GC invocations=2 (full 0):
 garbage-first heap   total 253952K, used 10985K [0x00000000a0000000, 0x0000000100000000)
  region size 1024K, 5 young (5120K), 5 survivors (5120K)
 Metaspace       used 4401K, committed 4608K, reserved 1114112K
  class space    used 557K, committed 640K, reserved 1048576K
}
Event: 19.059 GC heap before
{Heap before GC invocations=2 (full 0):
 garbage-first heap   total 253952K, used 159465K [0x00000000a0000000, 0x0000000100000000)
  region size 1024K, 148 young (151552K), 5 survivors (5120K)
 Metaspace       used 20716K, committed 21376K, reserved 1114112K
  class space    used 3053K, committed 3392K, reserved 1048576K
}
Event: 19.079 GC heap after
{Heap after GC invocations=3 (full 0):
 garbage-first heap   total 253952K, used 23950K [0x00000000a0000000, 0x0000000100000000)
  region size 1024K, 17 young (17408K), 17 survivors (17408K)
 Metaspace       used 20716K, committed 21376K, reserved 1114112K
  class space    used 3053K, committed 3392K, reserved 1048576K
}
Event: 19.118 GC heap before
{Heap before GC invocations=3 (full 0):
 garbage-first heap   total 253952K, used 23950K [0x00000000a0000000, 0x0000000100000000)
  region size 1024K, 18 young (18432K), 17 survivors (17408K)
 Metaspace       used 20807K, committed 21504K, reserved 1114112K
  class space    used 3062K, committed 3456K, reserved 1048576K
}
Event: 19.129 GC heap after
{Heap after GC invocations=4 (full 0):
 garbage-first heap   total 253952K, used 25774K [0x00000000a0000000, 0x0000000100000000)
  region size 1024K, 2 young (2048K), 2 survivors (2048K)
 Metaspace       used 20807K, committed 21504K, reserved 1114112K
  class space    used 3062K, committed 3456K, reserved 1048576K
}
Event: 46.886 GC heap before
{Heap before GC invocations=5 (full 0):
 garbage-first heap   total 89088K, used 76974K [0x00000000a0000000, 0x0000000100000000)
  region size 1024K, 52 young (53248K), 2 survivors (2048K)
 Metaspace       used 27240K, committed 28160K, reserved 1114112K
  class space    used 4107K, committed 4544K, reserved 1048576K
}
Event: 46.892 GC heap after
{Heap after GC invocations=6 (full 0):
 garbage-first heap   total 89088K, used 26754K [0x00000000a0000000, 0x0000000100000000)
  region size 1024K, 3 young (3072K), 3 survivors (3072K)
 Metaspace       used 27240K, committed 28160K, reserved 1114112K
  class space    used 4107K, committed 4544K, reserved 1048576K
}
Event: 48.789 GC heap before
{Heap before GC invocations=6 (full 0):
 garbage-first heap   total 89088K, used 73858K [0x00000000a0000000, 0x0000000100000000)
  region size 1024K, 50 young (51200K), 3 survivors (3072K)
 Metaspace       used 32972K, committed 33920K, reserved 1114112K
  class space    used 4731K, committed 5184K, reserved 1048576K
}
Event: 48.796 GC heap after
{Heap after GC invocations=7 (full 0):
 garbage-first heap   total 89088K, used 31356K [0x00000000a0000000, 0x0000000100000000)
  region size 1024K, 7 young (7168K), 7 survivors (7168K)
 Metaspace       used 32972K, committed 33920K, reserved 1114112K
  class space    used 4731K, committed 5184K, reserved 1048576K
}
Event: 51.355 GC heap before
{Heap before GC invocations=7 (full 0):
 garbage-first heap   total 89088K, used 47740K [0x00000000a0000000, 0x0000000100000000)
  region size 1024K, 20 young (20480K), 7 survivors (7168K)
 Metaspace       used 34906K, committed 35968K, reserved 1114112K
  class space    used 4941K, committed 5504K, reserved 1048576K
}
Event: 51.362 GC heap after
{Heap after GC invocations=8 (full 0):
 garbage-first heap   total 89088K, used 32374K [0x00000000a0000000, 0x0000000100000000)
  region size 1024K, 2 young (2048K), 2 survivors (2048K)
 Metaspace       used 34906K, committed 35968K, reserved 1114112K
  class space    used 4941K, committed 5504K, reserved 1048576K
}
Event: 96.723 GC heap before
{Heap before GC invocations=9 (full 0):
 garbage-first heap   total 89088K, used 76406K [0x00000000a0000000, 0x0000000100000000)
  region size 1024K, 45 young (46080K), 2 survivors (2048K)
 Metaspace       used 39020K, committed 40384K, reserved 1114112K
  class space    used 5607K, committed 6272K, reserved 1048576K
}
Event: 96.736 GC heap after
{Heap after GC invocations=10 (full 0):
 garbage-first heap   total 89088K, used 34816K [0x00000000a0000000, 0x0000000100000000)
  region size 1024K, 4 young (4096K), 4 survivors (4096K)
 Metaspace       used 39020K, committed 40384K, reserved 1114112K
  class space    used 5607K, committed 6272K, reserved 1048576K
}
Event: 117.830 GC heap before
{Heap before GC invocations=10 (full 0):
 garbage-first heap   total 89088K, used 79872K [0x00000000a0000000, 0x0000000100000000)
  region size 1024K, 46 young (47104K), 4 survivors (4096K)
 Metaspace       used 44122K, committed 45632K, reserved 1114112K
  class space    used 6304K, committed 7040K, reserved 1048576K
}
Event: 117.845 GC heap after
{Heap after GC invocations=11 (full 0):
 garbage-first heap   total 89088K, used 37282K [0x00000000a0000000, 0x0000000100000000)
  region size 1024K, 6 young (6144K), 6 survivors (6144K)
 Metaspace       used 44122K, committed 45632K, reserved 1114112K
  class space    used 6304K, committed 7040K, reserved 1048576K
}
Event: 121.055 GC heap before
{Heap before GC invocations=11 (full 0):
 garbage-first heap   total 89088K, used 78242K [0x00000000a0000000, 0x0000000100000000)
  region size 1024K, 46 young (47104K), 6 survivors (6144K)
 Metaspace       used 47614K, committed 49344K, reserved 1114112K
  class space    used 6906K, committed 7744K, reserved 1048576K
}
Event: 121.063 GC heap after
{Heap after GC invocations=12 (full 0):
 garbage-first heap   total 89088K, used 40057K [0x00000000a0000000, 0x0000000100000000)
  region size 1024K, 6 young (6144K), 6 survivors (6144K)
 Metaspace       used 47614K, committed 49344K, reserved 1114112K
  class space    used 6906K, committed 7744K, reserved 1048576K
}
Event: 198.877 GC heap before
{Heap before GC invocations=12 (full 0):
 garbage-first heap   total 89088K, used 78969K [0x00000000a0000000, 0x0000000100000000)
  region size 1024K, 44 young (45056K), 6 survivors (6144K)
 Metaspace       used 48990K, committed 50688K, reserved 1114112K
  class space    used 7071K, committed 7872K, reserved 1048576K
}
Event: 198.901 GC heap after
{Heap after GC invocations=13 (full 0):
 garbage-first heap   total 89088K, used 41384K [0x00000000a0000000, 0x0000000100000000)
  region size 1024K, 4 young (4096K), 4 survivors (4096K)
 Metaspace       used 48990K, committed 50688K, reserved 1114112K
  class space    used 7071K, committed 7872K, reserved 1048576K
}

