# JRE version: OpenJDK Runtime Environment Temurin-21.0.12.1+1 (21.0.12.1+1) (build 21.0.12.1+1-LTS)
# Java VM: OpenJDK 64-Bit Server VM Temurin-21.0.12.1+1 (21.0.12.1+1-LTS, mixed mode, sharing, tiered, compressed oops, compressed class ptrs, g1 gc, windows-amd64)
GC Precious Log:
 CardTable entry size: 512
 Card Set container configuration: InlinePtr #cards 5 size 8 Array Of Cards #cards 12 size 40 Howl #buckets 4 coarsen threshold 1843 Howl Bitmap #cards 512 size 80 coarsen threshold 460 Card regions per heap region 1 cards per card region 2048
 CPUs: 12 total, 12 available
 Memory: 15754M
 Large Page Support: Disabled
 NUMA Support: Disabled
 Compressed Oops: Enabled (32-bit)
 Heap Region Size: 1M
 Heap Min Capacity: 8M
 Heap Initial Capacity: 248M
 Heap Max Capacity: 1536M
 Pre-touch: Disabled
 Parallel Workers: 10
 Concurrent Workers: 3
 Concurrent Refinement Workers: 10
 Periodic GC: Disabled
Heap:
 garbage-first heap   total 113664K, used 73139K [0x00000000a0000000, 0x0000000100000000)
  region size 1024K, 10 young (10240K), 5 survivors (5120K)
 Metaspace       used 62908K, committed 64832K, reserved 1114112K
  class space    used 8890K, committed 9792K, reserved 1048576K
GC Heap History (20 events):
Event: 134.940 GC heap before
{Heap before GC invocations=13 (full 0):
 garbage-first heap   total 87040K, used 76358K [0x00000000a0000000, 0x0000000100000000)
  region size 1024K, 39 young (39936K), 6 survivors (6144K)
 Metaspace       used 50747K, committed 52480K, reserved 1114112K
  class space    used 7330K, committed 8192K, reserved 1048576K
}
Event: 134.948 GC heap after
{Heap after GC invocations=14 (full 0):
 garbage-first heap   total 87040K, used 45955K [0x00000000a0000000, 0x0000000100000000)
  region size 1024K, 5 young (5120K), 5 survivors (5120K)
 Metaspace       used 50747K, committed 52480K, reserved 1114112K
  class space    used 7330K, committed 8192K, reserved 1048576K
}
Event: 136.288 GC heap before
{Heap before GC invocations=14 (full 0):
 garbage-first heap   total 87040K, used 76675K [0x00000000a0000000, 0x0000000100000000)
  region size 1024K, 36 young (36864K), 5 survivors (5120K)
 Metaspace       used 51136K, committed 52864K, reserved 1114112K
  class space    used 7354K, committed 8192K, reserved 1048576K
}
Event: 136.294 GC heap after
{Heap after GC invocations=15 (full 0):
 garbage-first heap   total 87040K, used 47793K [0x00000000a0000000, 0x0000000100000000)
  region size 1024K, 4 young (4096K), 4 survivors (4096K)
 Metaspace       used 51136K, committed 52864K, reserved 1114112K
  class space    used 7354K, committed 8192K, reserved 1048576K
}
Event: 136.925 GC heap before
{Heap before GC invocations=16 (full 0):
 garbage-first heap   total 87040K, used 78513K [0x00000000a0000000, 0x0000000100000000)
  region size 1024K, 35 young (35840K), 4 survivors (4096K)
 Metaspace       used 51201K, committed 52928K, reserved 1114112K
  class space    used 7355K, committed 8192K, reserved 1048576K
}
Event: 136.929 GC heap after
{Heap after GC invocations=17 (full 0):
 garbage-first heap   total 87040K, used 48910K [0x00000000a0000000, 0x0000000100000000)
  region size 1024K, 3 young (3072K), 3 survivors (3072K)
 Metaspace       used 51201K, committed 52928K, reserved 1114112K
  class space    used 7355K, committed 8192K, reserved 1048576K
}
Event: 168.446 GC heap before
{Heap before GC invocations=17 (full 0):
 garbage-first heap   total 87040K, used 81678K [0x00000000a0000000, 0x0000000100000000)
  region size 1024K, 33 young (33792K), 3 survivors (3072K)
 Metaspace       used 51333K, committed 53120K, reserved 1114112K
  class space    used 7373K, committed 8256K, reserved 1048576K
}
Event: 168.451 GC heap after
{Heap after GC invocations=18 (full 0):
 garbage-first heap   total 91136K, used 55437K [0x00000000a0000000, 0x0000000100000000)
  region size 1024K, 5 young (5120K), 5 survivors (5120K)
 Metaspace       used 51333K, committed 53120K, reserved 1114112K
  class space    used 7373K, committed 8256K, reserved 1048576K
}
Event: 168.453 GC heap before
{Heap before GC invocations=18 (full 0):
 garbage-first heap   total 91136K, used 55437K [0x00000000a0000000, 0x0000000100000000)
  region size 1024K, 6 young (6144K), 5 survivors (5120K)
 Metaspace       used 51333K, committed 53120K, reserved 1114112K
  class space    used 7373K, committed 8256K, reserved 1048576K
}
Event: 168.457 GC heap after
{Heap after GC invocations=19 (full 0):
 garbage-first heap   total 91136K, used 55580K [0x00000000a0000000, 0x0000000100000000)
  region size 1024K, 1 young (1024K), 1 survivors (1024K)
 Metaspace       used 51333K, committed 53120K, reserved 1114112K
  class space    used 7373K, committed 8256K, reserved 1048576K
}
Event: 239.241 GC heap before
{Heap before GC invocations=20 (full 0):
 garbage-first heap   total 97280K, used 85276K [0x00000000a0000000, 0x0000000100000000)
  region size 1024K, 28 young (28672K), 1 survivors (1024K)
 Metaspace       used 51954K, committed 53696K, reserved 1114112K
  class space    used 7481K, committed 8320K, reserved 1048576K
}
Event: 239.269 GC heap after
{Heap after GC invocations=21 (full 0):
 garbage-first heap   total 97280K, used 59174K [0x00000000a0000000, 0x0000000100000000)
  region size 1024K, 3 young (3072K), 3 survivors (3072K)
 Metaspace       used 51954K, committed 53696K, reserved 1114112K
  class space    used 7481K, committed 8320K, reserved 1048576K
}
Event: 257.175 GC heap before
{Heap before GC invocations=21 (full 0):
 garbage-first heap   total 97280K, used 89894K [0x00000000a0000000, 0x0000000100000000)
  region size 1024K, 32 young (32768K), 3 survivors (3072K)
 Metaspace       used 54204K, committed 56064K, reserved 1114112K
  class space    used 7755K, committed 8640K, reserved 1048576K
}
Event: 257.186 GC heap after
{Heap after GC invocations=22 (full 0):
 garbage-first heap   total 98304K, used 62192K [0x00000000a0000000, 0x0000000100000000)
  region size 1024K, 3 young (3072K), 3 survivors (3072K)
 Metaspace       used 54204K, committed 56064K, reserved 1114112K
  class space    used 7755K, committed 8640K, reserved 1048576K
}
Event: 259.406 GC heap before
{Heap before GC invocations=22 (full 0):
 garbage-first heap   total 98304K, used 87792K [0x00000000a0000000, 0x0000000100000000)
  region size 1024K, 29 young (29696K), 3 survivors (3072K)
 Metaspace       used 57177K, committed 58944K, reserved 1114112K
  class space    used 8089K, committed 8960K, reserved 1048576K
}
Event: 259.413 GC heap after
{Heap after GC invocations=23 (full 0):
 garbage-first heap   total 98304K, used 63074K [0x00000000a0000000, 0x0000000100000000)
  region size 1024K, 3 young (3072K), 3 survivors (3072K)
 Metaspace       used 57177K, committed 58944K, reserved 1114112K
  class space    used 8089K, committed 8960K, reserved 1048576K
}
Event: 262.421 GC heap before
{Heap before GC invocations=24 (full 0):
 garbage-first heap   total 106496K, used 90722K [0x00000000a0000000, 0x0000000100000000)
  region size 1024K, 30 young (30720K), 3 survivors (3072K)
 Metaspace       used 59798K, committed 61760K, reserved 1114112K
  class space    used 8508K, committed 9472K, reserved 1048576K
}
Event: 262.439 GC heap after
{Heap after GC invocations=25 (full 0):
 garbage-first heap   total 106496K, used 64393K [0x00000000a0000000, 0x0000000100000000)
  region size 1024K, 3 young (3072K), 3 survivors (3072K)
 Metaspace       used 59798K, committed 61760K, reserved 1114112K
  class space    used 8508K, committed 9472K, reserved 1048576K
}
Event: 268.320 GC heap before
{Heap before GC invocations=25 (full 0):
 garbage-first heap   total 106496K, used 103305K [0x00000000a0000000, 0x0000000100000000)
  region size 1024K, 36 young (36864K), 3 survivors (3072K)
 Metaspace       used 62477K, committed 64384K, reserved 1114112K
  class space    used 8838K, committed 9728K, reserved 1048576K
}
Event: 268.332 GC heap after
{Heap after GC invocations=26 (full 0):
 garbage-first heap   total 113664K, used 69043K [0x00000000a0000000, 0x0000000100000000)
  region size 1024K, 5 young (5120K), 5 survivors (5120K)
 Metaspace       used 62477K, committed 64384K, reserved 1114112K
  class space    used 8838K, committed 9728K, reserved 1048576K
}

