# JRE version: OpenJDK Runtime Environment Temurin-21.0.12.1+1 (21.0.12.1+1) (build 21.0.12.1+1-LTS)
# Java VM: OpenJDK 64-Bit Server VM Temurin-21.0.12.1+1 (21.0.12.1+1-LTS, mixed mode, sharing, tiered, compressed oops, compressed class ptrs, g1 gc, windows-amd64)
GC Precious Log:
 CardTable entry size: 512
 Card Set container configuration: InlinePtr #cards 5 size 8 Array Of Cards #cards 12 size 40 Howl #buckets 4 coarsen threshold 1843 Howl Bitmap #cards 512 size 80 coarsen threshold 460 Card regions per heap region 1 cards per card region 2048
 CPUs: 12 total, 12 available
 Memory: 15754M
 Large Page Support: Disabled
 NUMA Support: Disabled
 Compressed Oops: Enabled (32-bit)
 Heap Region Size: 1M
 Heap Min Capacity: 256M
 Heap Initial Capacity: 256M
 Heap Max Capacity: 512M
 Pre-touch: Disabled
 Parallel Workers: 10
 Concurrent Workers: 3
 Concurrent Refinement Workers: 10
 Periodic GC: Disabled
Heap:
 garbage-first heap   total 262144K, used 160939K [0x00000000e0000000, 0x0000000100000000)
  region size 1024K, 121 young (123904K), 20 survivors (20480K)
 Metaspace       used 52220K, committed 54016K, reserved 393216K
  class space    used 7375K, committed 8256K, reserved 327680K
GC Heap History (18 events):
Event: 1.170 GC heap before
{Heap before GC invocations=0 (full 0):
 garbage-first heap   total 262144K, used 26624K [0x00000000e0000000, 0x0000000100000000)
  region size 1024K, 23 young (23552K), 0 survivors (0K)
 Metaspace       used 1139K, committed 1280K, reserved 393216K
  class space    used 81K, committed 128K, reserved 327680K
}
Event: 1.198 GC heap after
{Heap after GC invocations=1 (full 0):
 garbage-first heap   total 262144K, used 9375K [0x00000000e0000000, 0x0000000100000000)
  region size 1024K, 3 young (3072K), 3 survivors (3072K)
 Metaspace       used 1139K, committed 1280K, reserved 393216K
  class space    used 81K, committed 128K, reserved 327680K
}
Event: 3.362 GC heap before
{Heap before GC invocations=1 (full 0):
 garbage-first heap   total 262144K, used 41119K [0x00000000e0000000, 0x0000000100000000)
  region size 1024K, 34 young (34816K), 3 survivors (3072K)
 Metaspace       used 4320K, committed 4480K, reserved 393216K
  class space    used 544K, committed 640K, reserved 327680K
}
Event: 3.367 GC heap after
{Heap after GC invocations=2 (full 0):
 garbage-first heap   total 262144K, used 12150K [0x00000000e0000000, 0x0000000100000000)
  region size 1024K, 3 young (3072K), 3 survivors (3072K)
 Metaspace       used 4320K, committed 4480K, reserved 393216K
  class space    used 544K, committed 640K, reserved 327680K
}
Event: 8.204 GC heap before
{Heap before GC invocations=2 (full 0):
 garbage-first heap   total 262144K, used 59254K [0x00000000e0000000, 0x0000000100000000)
  region size 1024K, 47 young (48128K), 3 survivors (3072K)
 Metaspace       used 5781K, committed 6016K, reserved 393216K
  class space    used 771K, committed 896K, reserved 327680K
}
Event: 8.214 GC heap after
{Heap after GC invocations=3 (full 0):
 garbage-first heap   total 262144K, used 18305K [0x00000000e0000000, 0x0000000100000000)
  region size 1024K, 6 young (6144K), 6 survivors (6144K)
 Metaspace       used 5781K, committed 6016K, reserved 393216K
  class space    used 771K, committed 896K, reserved 327680K
}
Event: 23.705 GC heap before
{Heap before GC invocations=3 (full 0):
 garbage-first heap   total 262144K, used 106369K [0x00000000e0000000, 0x0000000100000000)
  region size 1024K, 93 young (95232K), 6 survivors (6144K)
 Metaspace       used 20859K, committed 21504K, reserved 393216K
  class space    used 3065K, committed 3392K, reserved 327680K
}
Event: 23.723 GC heap after
{Heap after GC invocations=4 (full 0):
 garbage-first heap   total 262144K, used 25669K [0x00000000e0000000, 0x0000000100000000)
  region size 1024K, 14 young (14336K), 14 survivors (14336K)
 Metaspace       used 20859K, committed 21504K, reserved 393216K
  class space    used 3065K, committed 3392K, reserved 327680K
}
Event: 44.286 GC heap before
{Heap before GC invocations=5 (full 0):
 garbage-first heap   total 262144K, used 119877K [0x00000000e0000000, 0x0000000100000000)
  region size 1024K, 108 young (110592K), 14 survivors (14336K)
 Metaspace       used 35263K, committed 36416K, reserved 393216K
  class space    used 5200K, committed 5760K, reserved 327680K
}
Event: 44.305 GC heap after
{Heap after GC invocations=6 (full 0):
 garbage-first heap   total 262144K, used 31474K [0x00000000e0000000, 0x0000000100000000)
  region size 1024K, 13 young (13312K), 13 survivors (13312K)
 Metaspace       used 35263K, committed 36416K, reserved 393216K
  class space    used 5200K, committed 5760K, reserved 327680K
}
Event: 44.659 GC heap before
{Heap before GC invocations=6 (full 0):
 garbage-first heap   total 262144K, used 34546K [0x00000000e0000000, 0x0000000100000000)
  region size 1024K, 17 young (17408K), 13 survivors (13312K)
 Metaspace       used 35542K, committed 36736K, reserved 393216K
  class space    used 5228K, committed 5824K, reserved 327680K
}
Event: 44.672 GC heap after
{Heap after GC invocations=7 (full 0):
 garbage-first heap   total 262144K, used 32414K [0x00000000e0000000, 0x0000000100000000)
  region size 1024K, 8 young (8192K), 8 survivors (8192K)
 Metaspace       used 35542K, committed 36736K, reserved 393216K
  class space    used 5228K, committed 5824K, reserved 327680K
}
Event: 45.923 GC heap before
{Heap before GC invocations=7 (full 0):
 garbage-first heap   total 262144K, used 52894K [0x00000000e0000000, 0x0000000100000000)
  region size 1024K, 29 young (29696K), 8 survivors (8192K)
 Metaspace       used 35832K, committed 37056K, reserved 393216K
  class space    used 5249K, committed 5888K, reserved 327680K
}
Event: 45.931 GC heap after
{Heap after GC invocations=8 (full 0):
 garbage-first heap   total 262144K, used 33249K [0x00000000e0000000, 0x0000000100000000)
  region size 1024K, 9 young (9216K), 9 survivors (9216K)
 Metaspace       used 35832K, committed 37056K, reserved 393216K
  class space    used 5249K, committed 5888K, reserved 327680K
}
Event: 96.743 GC heap before
{Heap before GC invocations=9 (full 0):
 garbage-first heap   total 262144K, used 186849K [0x00000000e0000000, 0x0000000100000000)
  region size 1024K, 153 young (156672K), 9 survivors (9216K)
 Metaspace       used 48903K, committed 50496K, reserved 393216K
  class space    used 7089K, committed 7872K, reserved 327680K
}
Event: 96.768 GC heap after
{Heap after GC invocations=10 (full 0):
 garbage-first heap   total 262144K, used 43206K [0x00000000e0000000, 0x0000000100000000)
  region size 1024K, 18 young (18432K), 18 survivors (18432K)
 Metaspace       used 48903K, committed 50496K, reserved 393216K
  class space    used 7089K, committed 7872K, reserved 327680K
}
Event: 129.598 GC heap before
{Heap before GC invocations=10 (full 0):
 garbage-first heap   total 262144K, used 186566K [0x00000000e0000000, 0x0000000100000000)
  region size 1024K, 153 young (156672K), 18 survivors (18432K)
 Metaspace       used 51437K, committed 53184K, reserved 393216K
  class space    used 7363K, committed 8192K, reserved 327680K
}
Event: 129.626 GC heap after
{Heap after GC invocations=11 (full 0):
 garbage-first heap   total 262144K, used 58539K [0x00000000e0000000, 0x0000000100000000)
  region size 1024K, 20 young (20480K), 20 survivors (20480K)
 Metaspace       used 51437K, committed 53184K, reserved 393216K
  class space    used 7363K, committed 8192K, reserved 327680K
}

