# JRE version: OpenJDK Runtime Environment Temurin-21.0.12.1+1 (21.0.12.1+1) (build 21.0.12.1+1-LTS)
# Java VM: OpenJDK 64-Bit Server VM Temurin-21.0.12.1+1 (21.0.12.1+1-LTS, mixed mode, sharing, tiered, compressed oops, compressed class ptrs, g1 gc, windows-amd64)
GC Precious Log:
 CardTable entry size: 512
 Card Set container configuration: InlinePtr #cards 5 size 8 Array Of Cards #cards 12 size 40 Howl #buckets 4 coarsen threshold 1843 Howl Bitmap #cards 512 size 80 coarsen threshold 460 Card regions per heap region 1 cards per card region 2048
 CPUs: 12 total, 12 available
 Memory: 15754M
 Large Page Support: Disabled
 NUMA Support: Disabled
 Compressed Oops: Enabled (32-bit)
 Heap Region Size: 1M
 Heap Min Capacity: 8M
 Heap Initial Capacity: 248M
 Heap Max Capacity: 1536M
 Pre-touch: Disabled
 Parallel Workers: 10
 Concurrent Workers: 3
 Concurrent Refinement Workers: 10
 Periodic GC: Disabled
Heap:
 garbage-first heap   total 119808K, used 73955K [0x00000000a0000000, 0x0000000100000000)
  region size 1024K, 6 young (6144K), 4 survivors (4096K)
 Metaspace       used 65378K, committed 67392K, reserved 1114112K
  class space    used 9192K, committed 10176K, reserved 1048576K
GC Heap History (20 events):
Event: 119.411 GC heap before
{Heap before GC invocations=11 (full 0):
 garbage-first heap   total 105472K, used 91656K [0x00000000a0000000, 0x0000000100000000)
  region size 1024K, 55 young (56320K), 8 survivors (8192K)
 Metaspace       used 50490K, committed 52224K, reserved 1114112K
  class space    used 7224K, committed 8064K, reserved 1048576K
}
Event: 119.419 GC heap after
{Heap after GC invocations=12 (full 0):
 garbage-first heap   total 105472K, used 46648K [0x00000000a0000000, 0x0000000100000000)
  region size 1024K, 3 young (3072K), 3 survivors (3072K)
 Metaspace       used 50490K, committed 52224K, reserved 1114112K
  class space    used 7224K, committed 8064K, reserved 1048576K
}
Event: 120.907 GC heap before
{Heap before GC invocations=12 (full 0):
 garbage-first heap   total 105472K, used 91704K [0x00000000a0000000, 0x0000000100000000)
  region size 1024K, 48 young (49152K), 3 survivors (3072K)
 Metaspace       used 50660K, committed 52352K, reserved 1114112K
  class space    used 7240K, committed 8064K, reserved 1048576K
}
Event: 120.911 GC heap after
{Heap after GC invocations=13 (full 0):
 garbage-first heap   total 105472K, used 47679K [0x00000000a0000000, 0x0000000100000000)
  region size 1024K, 4 young (4096K), 4 survivors (4096K)
 Metaspace       used 50660K, committed 52352K, reserved 1114112K
  class space    used 7240K, committed 8064K, reserved 1048576K
}
Event: 145.333 GC heap before
{Heap before GC invocations=13 (full 0):
 garbage-first heap   total 105472K, used 54847K [0x00000000a0000000, 0x0000000100000000)
  region size 1024K, 10 young (10240K), 4 survivors (4096K)
 Metaspace       used 50698K, committed 52352K, reserved 1114112K
  class space    used 7242K, committed 8064K, reserved 1048576K
}
Event: 145.347 GC heap after
{Heap after GC invocations=14 (full 0):
 garbage-first heap   total 105472K, used 50231K [0x00000000a0000000, 0x0000000100000000)
  region size 1024K, 4 young (4096K), 4 survivors (4096K)
 Metaspace       used 50698K, committed 52352K, reserved 1114112K
  class space    used 7242K, committed 8064K, reserved 1048576K
}
Event: 145.984 GC heap before
{Heap before GC invocations=14 (full 0):
 garbage-first heap   total 105472K, used 54327K [0x00000000a0000000, 0x0000000100000000)
  region size 1024K, 9 young (9216K), 4 survivors (4096K)
 Metaspace       used 50715K, committed 52416K, reserved 1114112K
  class space    used 7242K, committed 8064K, reserved 1048576K
}
Event: 145.992 GC heap after
{Heap after GC invocations=15 (full 0):
 garbage-first heap   total 105472K, used 53771K [0x00000000a0000000, 0x0000000100000000)
  region size 1024K, 7 young (7168K), 7 survivors (7168K)
 Metaspace       used 50715K, committed 52416K, reserved 1114112K
  class space    used 7242K, committed 8064K, reserved 1048576K
}
Event: 173.707 GC heap before
{Heap before GC invocations=16 (full 0):
 garbage-first heap   total 105472K, used 87563K [0x00000000a0000000, 0x0000000100000000)
  region size 1024K, 37 young (37888K), 7 survivors (7168K)
 Metaspace       used 52398K, committed 54208K, reserved 1114112K
  class space    used 7473K, committed 8320K, reserved 1048576K
}
Event: 173.717 GC heap after
{Heap after GC invocations=17 (full 0):
 garbage-first heap   total 105472K, used 60775K [0x00000000a0000000, 0x0000000100000000)
  region size 1024K, 4 young (4096K), 4 survivors (4096K)
 Metaspace       used 52398K, committed 54208K, reserved 1114112K
  class space    used 7473K, committed 8320K, reserved 1048576K
}
Event: 175.556 GC heap before
{Heap before GC invocations=17 (full 0):
 garbage-first heap   total 105472K, used 88423K [0x00000000a0000000, 0x0000000100000000)
  region size 1024K, 31 young (31744K), 4 survivors (4096K)
 Metaspace       used 54922K, committed 56768K, reserved 1114112K
  class space    used 7801K, committed 8704K, reserved 1048576K
}
Event: 175.564 GC heap after
{Heap after GC invocations=18 (full 0):
 garbage-first heap   total 105472K, used 61353K [0x00000000a0000000, 0x0000000100000000)
  region size 1024K, 2 young (2048K), 2 survivors (2048K)
 Metaspace       used 54922K, committed 56768K, reserved 1114112K
  class space    used 7801K, committed 8704K, reserved 1048576K
}
Event: 177.541 GC heap before
{Heap before GC invocations=18 (full 0):
 garbage-first heap   total 105472K, used 89001K [0x00000000a0000000, 0x0000000100000000)
  region size 1024K, 30 young (30720K), 2 survivors (2048K)
 Metaspace       used 58060K, committed 59840K, reserved 1114112K
  class space    used 8188K, committed 9024K, reserved 1048576K
}
Event: 177.546 GC heap after
{Heap after GC invocations=19 (full 0):
 garbage-first heap   total 105472K, used 61852K [0x00000000a0000000, 0x0000000100000000)
  region size 1024K, 3 young (3072K), 3 survivors (3072K)
 Metaspace       used 58060K, committed 59840K, reserved 1114112K
  class space    used 8188K, committed 9024K, reserved 1048576K
}
Event: 178.628 GC heap before
{Heap before GC invocations=20 (full 0):
 garbage-first heap   total 106496K, used 94620K [0x00000000a0000000, 0x0000000100000000)
  region size 1024K, 32 young (32768K), 3 survivors (3072K)
 Metaspace       used 60595K, committed 62528K, reserved 1114112K
  class space    used 8557K, committed 9536K, reserved 1048576K
}
Event: 178.634 GC heap after
{Heap after GC invocations=21 (full 0):
 garbage-first heap   total 106496K, used 72076K [0x00000000a0000000, 0x0000000100000000)
  region size 1024K, 4 young (4096K), 4 survivors (4096K)
 Metaspace       used 60595K, committed 62528K, reserved 1114112K
  class space    used 8557K, committed 9536K, reserved 1048576K
}
Event: 180.085 GC heap before
{Heap before GC invocations=21 (full 0):
 garbage-first heap   total 106496K, used 94604K [0x00000000a0000000, 0x0000000100000000)
  region size 1024K, 25 young (25600K), 4 survivors (4096K)
 Metaspace       used 62382K, committed 64256K, reserved 1114112K
  class space    used 8791K, committed 9728K, reserved 1048576K
}
Event: 180.091 GC heap after
{Heap after GC invocations=22 (full 0):
 garbage-first heap   total 106496K, used 70641K [0x00000000a0000000, 0x0000000100000000)
  region size 1024K, 2 young (2048K), 2 survivors (2048K)
 Metaspace       used 62382K, committed 64256K, reserved 1114112K
  class space    used 8791K, committed 9728K, reserved 1048576K
}
Event: 182.444 GC heap before
{Heap before GC invocations=22 (full 0):
 garbage-first heap   total 106496K, used 94193K [0x00000000a0000000, 0x0000000100000000)
  region size 1024K, 25 young (25600K), 2 survivors (2048K)
 Metaspace       used 64085K, committed 66048K, reserved 1114112K
  class space    used 9015K, committed 9984K, reserved 1048576K
}
Event: 182.449 GC heap after
{Heap after GC invocations=23 (full 0):
 garbage-first heap   total 106496K, used 71982K [0x00000000a0000000, 0x0000000100000000)
  region size 1024K, 3 young (3072K), 3 survivors (3072K)
 Metaspace       used 64085K, committed 66048K, reserved 1114112K
  class space    used 9015K, committed 9984K, reserved 1048576K
}

