# JRE version: OpenJDK Runtime Environment Temurin-21.0.12.1+1 (21.0.12.1+1) (build 21.0.12.1+1-LTS)
# Java VM: OpenJDK 64-Bit Server VM Temurin-21.0.12.1+1 (21.0.12.1+1-LTS, mixed mode, sharing, tiered, compressed oops, compressed class ptrs, g1 gc, windows-amd64)
GC Precious Log:
 CardTable entry size: 512
 Card Set container configuration: InlinePtr #cards 5 size 8 Array Of Cards #cards 12 size 40 Howl #buckets 4 coarsen threshold 1843 Howl Bitmap #cards 512 size 80 coarsen threshold 460 Card regions per heap region 1 cards per card region 2048
 CPUs: 12 total, 12 available
 Memory: 15754M
 Large Page Support: Disabled
 NUMA Support: Disabled
 Compressed Oops: Enabled (32-bit)
 Heap Region Size: 1M
 Heap Min Capacity: 8M
 Heap Initial Capacity: 248M
 Heap Max Capacity: 1536M
 Pre-touch: Disabled
 Parallel Workers: 10
 Concurrent Workers: 3
 Concurrent Refinement Workers: 10
 Periodic GC: Disabled
Heap:
 garbage-first heap   total 143360K, used 121559K [0x00000000a0000000, 0x0000000100000000)
  region size 1024K, 42 young (43008K), 4 survivors (4096K)
 Metaspace       used 77275K, committed 79488K, reserved 1179648K
  class space    used 11008K, committed 12096K, reserved 1048576K
GC Heap History (20 events):
Event: 171.188 GC heap before
{Heap before GC invocations=17 (full 0):
 garbage-first heap   total 108544K, used 97632K [0x00000000a0000000, 0x0000000100000000)
  region size 1024K, 36 young (36864K), 2 survivors (2048K)
 Metaspace       used 60383K, committed 62272K, reserved 1114112K
  class space    used 8516K, committed 9472K, reserved 1048576K
}
Event: 171.196 GC heap after
{Heap after GC invocations=18 (full 0):
 garbage-first heap   total 108544K, used 65330K [0x00000000a0000000, 0x0000000100000000)
  region size 1024K, 4 young (4096K), 4 survivors (4096K)
 Metaspace       used 60383K, committed 62272K, reserved 1114112K
  class space    used 8516K, committed 9472K, reserved 1048576K
}
Event: 176.160 GC heap before
{Heap before GC invocations=19 (full 0):
 garbage-first heap   total 111616K, used 103218K [0x00000000a0000000, 0x0000000100000000)
  region size 1024K, 36 young (36864K), 4 survivors (4096K)
 Metaspace       used 62393K, committed 64320K, reserved 1114112K
  class space    used 8788K, committed 9728K, reserved 1048576K
}
Event: 176.166 GC heap after
{Heap after GC invocations=20 (full 0):
 garbage-first heap   total 112640K, used 69913K [0x00000000a0000000, 0x0000000100000000)
  region size 1024K, 5 young (5120K), 5 survivors (5120K)
 Metaspace       used 62393K, committed 64320K, reserved 1114112K
  class space    used 8788K, committed 9728K, reserved 1048576K
}
Event: 178.388 GC heap before
{Heap before GC invocations=20 (full 0):
 garbage-first heap   total 112640K, used 101657K [0x00000000a0000000, 0x0000000100000000)
  region size 1024K, 36 young (36864K), 5 survivors (5120K)
 Metaspace       used 64805K, committed 66816K, reserved 1114112K
  class space    used 9089K, committed 10112K, reserved 1048576K
}
Event: 178.394 GC heap after
{Heap after GC invocations=21 (full 0):
 garbage-first heap   total 112640K, used 71081K [0x00000000a0000000, 0x0000000100000000)
  region size 1024K, 3 young (3072K), 3 survivors (3072K)
 Metaspace       used 64805K, committed 66816K, reserved 1114112K
  class space    used 9089K, committed 10112K, reserved 1048576K
}
Event: 184.418 GC heap before
{Heap before GC invocations=21 (full 0):
 garbage-first heap   total 112640K, used 101801K [0x00000000a0000000, 0x0000000100000000)
  region size 1024K, 33 young (33792K), 3 survivors (3072K)
 Metaspace       used 65681K, committed 67712K, reserved 1114112K
  class space    used 9229K, committed 10240K, reserved 1048576K
}
Event: 184.422 GC heap after
{Heap after GC invocations=22 (full 0):
 garbage-first heap   total 112640K, used 73382K [0x00000000a0000000, 0x0000000100000000)
  region size 1024K, 5 young (5120K), 5 survivors (5120K)
 Metaspace       used 65681K, committed 67712K, reserved 1114112K
  class space    used 9229K, committed 10240K, reserved 1048576K
}
Event: 207.818 GC heap before
{Heap before GC invocations=23 (full 0):
 garbage-first heap   total 124928K, used 103078K [0x00000000a0000000, 0x0000000100000000)
  region size 1024K, 34 young (34816K), 5 survivors (5120K)
 Metaspace       used 66034K, committed 68032K, reserved 1114112K
  class space    used 9282K, committed 10304K, reserved 1048576K
}
Event: 207.827 GC heap after
{Heap after GC invocations=24 (full 0):
 garbage-first heap   total 124928K, used 75971K [0x00000000a0000000, 0x0000000100000000)
  region size 1024K, 5 young (5120K), 5 survivors (5120K)
 Metaspace       used 66034K, committed 68032K, reserved 1114112K
  class space    used 9282K, committed 10304K, reserved 1048576K
}
Event: 228.514 GC heap before
{Heap before GC invocations=24 (full 0):
 garbage-first heap   total 124928K, used 113859K [0x00000000a0000000, 0x0000000100000000)
  region size 1024K, 42 young (43008K), 5 survivors (5120K)
 Metaspace       used 69059K, committed 71168K, reserved 1114112K
  class space    used 9698K, committed 10752K, reserved 1048576K
}
Event: 228.530 GC heap after
{Heap after GC invocations=25 (full 0):
 garbage-first heap   total 124928K, used 77570K [0x00000000a0000000, 0x0000000100000000)
  region size 1024K, 5 young (5120K), 5 survivors (5120K)
 Metaspace       used 69059K, committed 71168K, reserved 1114112K
  class space    used 9698K, committed 10752K, reserved 1048576K
}
Event: 235.609 GC heap before
{Heap before GC invocations=25 (full 0):
 garbage-first heap   total 124928K, used 114434K [0x00000000a0000000, 0x0000000100000000)
  region size 1024K, 41 young (41984K), 5 survivors (5120K)
 Metaspace       used 72246K, committed 74304K, reserved 1114112K
  class space    used 10273K, committed 11264K, reserved 1048576K
}
Event: 235.619 GC heap after
{Heap after GC invocations=26 (full 0):
 garbage-first heap   total 124928K, used 78927K [0x00000000a0000000, 0x0000000100000000)
  region size 1024K, 4 young (4096K), 4 survivors (4096K)
 Metaspace       used 72246K, committed 74304K, reserved 1114112K
  class space    used 10273K, committed 11264K, reserved 1048576K
}
Event: 239.678 GC heap before
{Heap before GC invocations=27 (full 0):
 garbage-first heap   total 133120K, used 115791K [0x00000000a0000000, 0x0000000100000000)
  region size 1024K, 40 young (40960K), 4 survivors (4096K)
 Metaspace       used 75092K, committed 77248K, reserved 1179648K
  class space    used 10710K, committed 11776K, reserved 1048576K
}
Event: 239.685 GC heap after
{Heap after GC invocations=28 (full 0):
 garbage-first heap   total 133120K, used 80659K [0x00000000a0000000, 0x0000000100000000)
  region size 1024K, 4 young (4096K), 4 survivors (4096K)
 Metaspace       used 75092K, committed 77248K, reserved 1179648K
  class space    used 10710K, committed 11776K, reserved 1048576K
}
Event: 248.185 GC heap before
{Heap before GC invocations=28 (full 0):
 garbage-first heap   total 133120K, used 122643K [0x00000000a0000000, 0x0000000100000000)
  region size 1024K, 46 young (47104K), 4 survivors (4096K)
 Metaspace       used 75479K, committed 77696K, reserved 1179648K
  class space    used 10742K, committed 11840K, reserved 1048576K
}
Event: 248.192 GC heap after
{Heap after GC invocations=29 (full 0):
 garbage-first heap   total 133120K, used 83326K [0x00000000a0000000, 0x0000000100000000)
  region size 1024K, 6 young (6144K), 6 survivors (6144K)
 Metaspace       used 75479K, committed 77696K, reserved 1179648K
  class space    used 10742K, committed 11840K, reserved 1048576K
}
Event: 252.987 GC heap before
{Heap before GC invocations=29 (full 0):
 garbage-first heap   total 133120K, used 102782K [0x00000000a0000000, 0x0000000100000000)
  region size 1024K, 27 young (27648K), 6 survivors (6144K)
 Metaspace       used 75543K, committed 77760K, reserved 1179648K
  class space    used 10746K, committed 11840K, reserved 1048576K
}
Event: 252.994 GC heap after
{Heap after GC invocations=30 (full 0):
 garbage-first heap   total 133120K, used 83671K [0x00000000a0000000, 0x0000000100000000)
  region size 1024K, 4 young (4096K), 4 survivors (4096K)
 Metaspace       used 75543K, committed 77760K, reserved 1179648K
  class space    used 10746K, committed 11840K, reserved 1048576K
}

