# JRE version: OpenJDK Runtime Environment Temurin-21.0.12.1+1 (21.0.12.1+1) (build 21.0.12.1+1-LTS)
# Java VM: OpenJDK 64-Bit Server VM Temurin-21.0.12.1+1 (21.0.12.1+1-LTS, mixed mode, sharing, tiered, compressed oops, compressed class ptrs, g1 gc, windows-amd64)
GC Precious Log:
 CardTable entry size: 512
 Card Set container configuration: InlinePtr #cards 5 size 8 Array Of Cards #cards 12 size 40 Howl #buckets 4 coarsen threshold 1843 Howl Bitmap #cards 512 size 80 coarsen threshold 460 Card regions per heap region 1 cards per card region 2048
 CPUs: 12 total, 12 available
 Memory: 15754M
 Large Page Support: Disabled
 NUMA Support: Disabled
 Compressed Oops: Enabled (32-bit)
 Heap Region Size: 1M
 Heap Min Capacity: 8M
 Heap Initial Capacity: 248M
 Heap Max Capacity: 1536M
 Pre-touch: Disabled
 Parallel Workers: 10
 Concurrent Workers: 3
 Concurrent Refinement Workers: 10
 Periodic GC: Disabled
Heap:
 garbage-first heap   total 89088K, used 68549K [0x00000000a0000000, 0x0000000100000000)
  region size 1024K, 36 young (36864K), 5 survivors (5120K)
 Metaspace       used 44830K, committed 46400K, reserved 1114112K
  class space    used 6426K, committed 7232K, reserved 1048576K
GC Heap History (18 events):
Event: 1.447 GC heap before
{Heap before GC invocations=0 (full 0):
 garbage-first heap   total 253952K, used 23552K [0x00000000a0000000, 0x0000000100000000)
  region size 1024K, 23 young (23552K), 0 survivors (0K)
 Metaspace       used 897K, committed 1024K, reserved 1114112K
  class space    used 72K, committed 128K, reserved 1048576K
}
Event: 1.688 GC heap after
{Heap after GC invocations=1 (full 0):
 garbage-first heap   total 253952K, used 1536K [0x00000000a0000000, 0x0000000100000000)
  region size 1024K, 2 young (2048K), 2 survivors (2048K)
 Metaspace       used 897K, committed 1024K, reserved 1114112K
  class space    used 72K, committed 128K, reserved 1048576K
}
Event: 3.797 GC heap before
{Heap before GC invocations=1 (full 0):
 garbage-first heap   total 253952K, used 40448K [0x00000000a0000000, 0x0000000100000000)
  region size 1024K, 38 young (38912K), 2 survivors (2048K)
 Metaspace       used 4371K, committed 4544K, reserved 1114112K
  class space    used 554K, committed 640K, reserved 1048576K
}
Event: 3.806 GC heap after
{Heap after GC invocations=2 (full 0):
 garbage-first heap   total 253952K, used 11060K [0x00000000a0000000, 0x0000000100000000)
  region size 1024K, 5 young (5120K), 5 survivors (5120K)
 Metaspace       used 4371K, committed 4544K, reserved 1114112K
  class space    used 554K, committed 640K, reserved 1048576K
}
Event: 31.511 GC heap before
{Heap before GC invocations=2 (full 0):
 garbage-first heap   total 253952K, used 159540K [0x00000000a0000000, 0x0000000100000000)
  region size 1024K, 148 young (151552K), 5 survivors (5120K)
 Metaspace       used 20792K, committed 21504K, reserved 1114112K
  class space    used 3068K, committed 3456K, reserved 1048576K
}
Event: 31.774 GC heap after
{Heap after GC invocations=3 (full 0):
 garbage-first heap   total 253952K, used 24222K [0x00000000a0000000, 0x0000000100000000)
  region size 1024K, 17 young (17408K), 17 survivors (17408K)
 Metaspace       used 20792K, committed 21504K, reserved 1114112K
  class space    used 3068K, committed 3456K, reserved 1048576K
}
Event: 31.785 GC heap before
{Heap before GC invocations=3 (full 0):
 garbage-first heap   total 253952K, used 24222K [0x00000000a0000000, 0x0000000100000000)
  region size 1024K, 18 young (18432K), 17 survivors (17408K)
 Metaspace       used 20818K, committed 21504K, reserved 1114112K
  class space    used 3071K, committed 3456K, reserved 1048576K
}
Event: 31.798 GC heap after
{Heap after GC invocations=4 (full 0):
 garbage-first heap   total 253952K, used 24958K [0x00000000a0000000, 0x0000000100000000)
  region size 1024K, 2 young (2048K), 2 survivors (2048K)
 Metaspace       used 20818K, committed 21504K, reserved 1114112K
  class space    used 3071K, committed 3456K, reserved 1048576K
}
Event: 74.447 GC heap before
{Heap before GC invocations=5 (full 0):
 garbage-first heap   total 89088K, used 76158K [0x00000000a0000000, 0x0000000100000000)
  region size 1024K, 52 young (53248K), 2 survivors (2048K)
 Metaspace       used 26951K, committed 27904K, reserved 1114112K
  class space    used 4069K, committed 4544K, reserved 1048576K
}
Event: 74.450 GC heap after
{Heap after GC invocations=6 (full 0):
 garbage-first heap   total 89088K, used 26289K [0x00000000a0000000, 0x0000000100000000)
  region size 1024K, 3 young (3072K), 3 survivors (3072K)
 Metaspace       used 26951K, committed 27904K, reserved 1114112K
  class space    used 4069K, committed 4544K, reserved 1048576K
}
Event: 79.685 GC heap before
{Heap before GC invocations=6 (full 0):
 garbage-first heap   total 89088K, used 72369K [0x00000000a0000000, 0x0000000100000000)
  region size 1024K, 49 young (50176K), 3 survivors (3072K)
 Metaspace       used 32898K, committed 33856K, reserved 1114112K
  class space    used 4731K, committed 5184K, reserved 1048576K
}
Event: 79.693 GC heap after
{Heap after GC invocations=7 (full 0):
 garbage-first heap   total 89088K, used 31376K [0x00000000a0000000, 0x0000000100000000)
  region size 1024K, 7 young (7168K), 7 survivors (7168K)
 Metaspace       used 32898K, committed 33856K, reserved 1114112K
  class space    used 4731K, committed 5184K, reserved 1048576K
}
Event: 83.966 GC heap before
{Heap before GC invocations=7 (full 0):
 garbage-first heap   total 89088K, used 52880K [0x00000000a0000000, 0x0000000100000000)
  region size 1024K, 24 young (24576K), 7 survivors (7168K)
 Metaspace       used 35111K, committed 36160K, reserved 1114112K
  class space    used 4977K, committed 5504K, reserved 1048576K
}
Event: 83.975 GC heap after
{Heap after GC invocations=8 (full 0):
 garbage-first heap   total 89088K, used 32644K [0x00000000a0000000, 0x0000000100000000)
  region size 1024K, 3 young (3072K), 3 survivors (3072K)
 Metaspace       used 35111K, committed 36160K, reserved 1114112K
  class space    used 4977K, committed 5504K, reserved 1048576K
}
Event: 235.984 GC heap before
{Heap before GC invocations=9 (full 0):
 garbage-first heap   total 89088K, used 73604K [0x00000000a0000000, 0x0000000100000000)
  region size 1024K, 43 young (44032K), 3 survivors (3072K)
 Metaspace       used 37549K, committed 38656K, reserved 1114112K
  class space    used 5349K, committed 5888K, reserved 1048576K
}
Event: 236.014 GC heap after
{Heap after GC invocations=10 (full 0):
 garbage-first heap   total 89088K, used 34194K [0x00000000a0000000, 0x0000000100000000)
  region size 1024K, 4 young (4096K), 4 survivors (4096K)
 Metaspace       used 37549K, committed 38656K, reserved 1114112K
  class space    used 5349K, committed 5888K, reserved 1048576K
}
Event: 245.186 GC heap before
{Heap before GC invocations=10 (full 0):
 garbage-first heap   total 89088K, used 75154K [0x00000000a0000000, 0x0000000100000000)
  region size 1024K, 44 young (45056K), 4 survivors (4096K)
 Metaspace       used 41960K, committed 43456K, reserved 1114112K
  class space    used 6079K, committed 6848K, reserved 1048576K
}
Event: 245.196 GC heap after
{Heap after GC invocations=11 (full 0):
 garbage-first heap   total 89088K, used 36805K [0x00000000a0000000, 0x0000000100000000)
  region size 1024K, 5 young (5120K), 5 survivors (5120K)
 Metaspace       used 41960K, committed 43456K, reserved 1114112K
  class space    used 6079K, committed 6848K, reserved 1048576K
}

