# JRE version: OpenJDK Runtime Environment Temurin-21.0.12.1+1 (21.0.12.1+1) (build 21.0.12.1+1-LTS)
# Java VM: OpenJDK 64-Bit Server VM Temurin-21.0.12.1+1 (21.0.12.1+1-LTS, mixed mode, sharing, tiered, compressed oops, compressed class ptrs, g1 gc, windows-amd64)
GC Precious Log:
 CardTable entry size: 512
 Card Set container configuration: InlinePtr #cards 5 size 8 Array Of Cards #cards 12 size 40 Howl #buckets 4 coarsen threshold 1843 Howl Bitmap #cards 512 size 80 coarsen threshold 460 Card regions per heap region 1 cards per card region 2048
 CPUs: 12 total, 12 available
 Memory: 15754M
 Large Page Support: Disabled
 NUMA Support: Disabled
 Compressed Oops: Enabled (32-bit)
 Heap Region Size: 1M
 Heap Min Capacity: 8M
 Heap Initial Capacity: 248M
 Heap Max Capacity: 1536M
 Pre-touch: Disabled
 Parallel Workers: 10
 Concurrent Workers: 3
 Concurrent Refinement Workers: 10
 Periodic GC: Disabled
Heap:
 garbage-first heap   total 86016K, used 41465K [0x00000000a0000000, 0x0000000100000000)
  region size 1024K, 10 young (10240K), 6 survivors (6144K)
 Metaspace       used 42876K, committed 44352K, reserved 1114112K
  class space    used 6257K, committed 6976K, reserved 1048576K
GC Heap History (18 events):
Event: 1.135 GC heap before
{Heap before GC invocations=0 (full 0):
 garbage-first heap   total 253952K, used 23552K [0x00000000a0000000, 0x0000000100000000)
  region size 1024K, 23 young (23552K), 0 survivors (0K)
 Metaspace       used 891K, committed 1024K, reserved 1114112K
  class space    used 72K, committed 128K, reserved 1048576K
}
Event: 1.321 GC heap after
{Heap after GC invocations=1 (full 0):
 garbage-first heap   total 253952K, used 1536K [0x00000000a0000000, 0x0000000100000000)
  region size 1024K, 2 young (2048K), 2 survivors (2048K)
 Metaspace       used 891K, committed 1024K, reserved 1114112K
  class space    used 72K, committed 128K, reserved 1048576K
}
Event: 7.475 GC heap before
{Heap before GC invocations=1 (full 0):
 garbage-first heap   total 253952K, used 40448K [0x00000000a0000000, 0x0000000100000000)
  region size 1024K, 38 young (38912K), 2 survivors (2048K)
 Metaspace       used 4428K, committed 4608K, reserved 1114112K
  class space    used 557K, committed 640K, reserved 1048576K
}
Event: 7.482 GC heap after
{Heap after GC invocations=2 (full 0):
 garbage-first heap   total 253952K, used 10764K [0x00000000a0000000, 0x0000000100000000)
  region size 1024K, 5 young (5120K), 5 survivors (5120K)
 Metaspace       used 4428K, committed 4608K, reserved 1114112K
  class space    used 557K, committed 640K, reserved 1048576K
}
Event: 43.676 GC heap before
{Heap before GC invocations=2 (full 0):
 garbage-first heap   total 253952K, used 159244K [0x00000000a0000000, 0x0000000100000000)
  region size 1024K, 148 young (151552K), 5 survivors (5120K)
 Metaspace       used 20737K, committed 21440K, reserved 1114112K
  class space    used 3054K, committed 3392K, reserved 1048576K
}
Event: 43.709 GC heap after
{Heap after GC invocations=3 (full 0):
 garbage-first heap   total 253952K, used 24049K [0x00000000a0000000, 0x0000000100000000)
  region size 1024K, 17 young (17408K), 17 survivors (17408K)
 Metaspace       used 20737K, committed 21440K, reserved 1114112K
  class space    used 3054K, committed 3392K, reserved 1048576K
}
Event: 43.859 GC heap before
{Heap before GC invocations=3 (full 0):
 garbage-first heap   total 253952K, used 24049K [0x00000000a0000000, 0x0000000100000000)
  region size 1024K, 18 young (18432K), 17 survivors (17408K)
 Metaspace       used 20802K, committed 21504K, reserved 1114112K
  class space    used 3065K, committed 3392K, reserved 1048576K
}
Event: 43.877 GC heap after
{Heap after GC invocations=4 (full 0):
 garbage-first heap   total 253952K, used 25369K [0x00000000a0000000, 0x0000000100000000)
  region size 1024K, 2 young (2048K), 2 survivors (2048K)
 Metaspace       used 20802K, committed 21504K, reserved 1114112K
  class space    used 3065K, committed 3392K, reserved 1048576K
}
Event: 76.790 GC heap before
{Heap before GC invocations=5 (full 0):
 garbage-first heap   total 86016K, used 74521K [0x00000000a0000000, 0x0000000100000000)
  region size 1024K, 50 young (51200K), 2 survivors (2048K)
 Metaspace       used 26913K, committed 27840K, reserved 1114112K
  class space    used 4066K, committed 4544K, reserved 1048576K
}
Event: 76.801 GC heap after
{Heap after GC invocations=6 (full 0):
 garbage-first heap   total 86016K, used 26069K [0x00000000a0000000, 0x0000000100000000)
  region size 1024K, 3 young (3072K), 3 survivors (3072K)
 Metaspace       used 26913K, committed 27840K, reserved 1114112K
  class space    used 4066K, committed 4544K, reserved 1048576K
}
Event: 82.057 GC heap before
{Heap before GC invocations=6 (full 0):
 garbage-first heap   total 86016K, used 71125K [0x00000000a0000000, 0x0000000100000000)
  region size 1024K, 48 young (49152K), 3 survivors (3072K)
 Metaspace       used 32879K, committed 33920K, reserved 1114112K
  class space    used 4733K, committed 5248K, reserved 1048576K
}
Event: 82.064 GC heap after
{Heap after GC invocations=7 (full 0):
 garbage-first heap   total 86016K, used 31192K [0x00000000a0000000, 0x0000000100000000)
  region size 1024K, 6 young (6144K), 6 survivors (6144K)
 Metaspace       used 32879K, committed 33920K, reserved 1114112K
  class space    used 4733K, committed 5248K, reserved 1048576K
}
Event: 84.606 GC heap before
{Heap before GC invocations=7 (full 0):
 garbage-first heap   total 86016K, used 51672K [0x00000000a0000000, 0x0000000100000000)
  region size 1024K, 23 young (23552K), 6 survivors (6144K)
 Metaspace       used 34928K, committed 35968K, reserved 1114112K
  class space    used 4951K, committed 5440K, reserved 1048576K
}
Event: 84.614 GC heap after
{Heap after GC invocations=8 (full 0):
 garbage-first heap   total 86016K, used 33629K [0x00000000a0000000, 0x0000000100000000)
  region size 1024K, 3 young (3072K), 3 survivors (3072K)
 Metaspace       used 34928K, committed 35968K, reserved 1114112K
  class space    used 4951K, committed 5440K, reserved 1048576K
}
Event: 117.398 GC heap before
{Heap before GC invocations=9 (full 0):
 garbage-first heap   total 86016K, used 70493K [0x00000000a0000000, 0x0000000100000000)
  region size 1024K, 39 young (39936K), 3 survivors (3072K)
 Metaspace       used 38515K, committed 39808K, reserved 1114112K
  class space    used 5527K, committed 6144K, reserved 1048576K
}
Event: 117.405 GC heap after
{Heap after GC invocations=10 (full 0):
 garbage-first heap   total 86016K, used 35830K [0x00000000a0000000, 0x0000000100000000)
  region size 1024K, 5 young (5120K), 5 survivors (5120K)
 Metaspace       used 38515K, committed 39808K, reserved 1114112K
  class space    used 5527K, committed 6144K, reserved 1048576K
}
Event: 124.967 GC heap before
{Heap before GC invocations=10 (full 0):
 garbage-first heap   total 86016K, used 72694K [0x00000000a0000000, 0x0000000100000000)
  region size 1024K, 41 young (41984K), 5 survivors (5120K)
 Metaspace       used 42505K, committed 43968K, reserved 1114112K
  class space    used 6193K, committed 6912K, reserved 1048576K
}
Event: 124.976 GC heap after
{Heap after GC invocations=11 (full 0):
 garbage-first heap   total 86016K, used 38393K [0x00000000a0000000, 0x0000000100000000)
  region size 1024K, 6 young (6144K), 6 survivors (6144K)
 Metaspace       used 42505K, committed 43968K, reserved 1114112K
  class space    used 6193K, committed 6912K, reserved 1048576K
}

