# JRE version: OpenJDK Runtime Environment Temurin-21.0.12.1+1 (21.0.12.1+1) (build 21.0.12.1+1-LTS)
# Java VM: OpenJDK 64-Bit Server VM Temurin-21.0.12.1+1 (21.0.12.1+1-LTS, mixed mode, sharing, tiered, compressed oops, compressed class ptrs, g1 gc, windows-amd64)
GC Precious Log:
 CardTable entry size: 512
 Card Set container configuration: InlinePtr #cards 5 size 8 Array Of Cards #cards 12 size 40 Howl #buckets 4 coarsen threshold 1843 Howl Bitmap #cards 512 size 80 coarsen threshold 460 Card regions per heap region 1 cards per card region 2048
 CPUs: 12 total, 12 available
 Memory: 15754M
 Large Page Support: Disabled
 NUMA Support: Disabled
 Compressed Oops: Enabled (32-bit)
 Heap Region Size: 1M
 Heap Min Capacity: 8M
 Heap Initial Capacity: 248M
 Heap Max Capacity: 1536M
 Pre-touch: Disabled
 Parallel Workers: 10
 Concurrent Workers: 3
 Concurrent Refinement Workers: 10
 Periodic GC: Disabled
Heap:
 garbage-first heap   total 86016K, used 48108K [0x00000000a0000000, 0x0000000100000000)
  region size 1024K, 18 young (18432K), 2 survivors (2048K)
 Metaspace       used 36420K, committed 37504K, reserved 1114112K
  class space    used 5156K, committed 5696K, reserved 1048576K
GC Heap History (14 events):
Event: 1.213 GC heap before
{Heap before GC invocations=0 (full 0):
 garbage-first heap   total 253952K, used 23552K [0x00000000a0000000, 0x0000000100000000)
  region size 1024K, 23 young (23552K), 0 survivors (0K)
 Metaspace       used 898K, committed 1024K, reserved 1114112K
  class space    used 72K, committed 128K, reserved 1048576K
}
Event: 1.244 GC heap after
{Heap after GC invocations=1 (full 0):
 garbage-first heap   total 253952K, used 1536K [0x00000000a0000000, 0x0000000100000000)
  region size 1024K, 2 young (2048K), 2 survivors (2048K)
 Metaspace       used 898K, committed 1024K, reserved 1114112K
  class space    used 72K, committed 128K, reserved 1048576K
}
Event: 10.815 GC heap before
{Heap before GC invocations=1 (full 0):
 garbage-first heap   total 253952K, used 40448K [0x00000000a0000000, 0x0000000100000000)
  region size 1024K, 38 young (38912K), 2 survivors (2048K)
 Metaspace       used 4395K, committed 4608K, reserved 1114112K
  class space    used 555K, committed 640K, reserved 1048576K
}
Event: 10.823 GC heap after
{Heap after GC invocations=2 (full 0):
 garbage-first heap   total 253952K, used 10837K [0x00000000a0000000, 0x0000000100000000)
  region size 1024K, 5 young (5120K), 5 survivors (5120K)
 Metaspace       used 4395K, committed 4608K, reserved 1114112K
  class space    used 555K, committed 640K, reserved 1048576K
}
Event: 60.499 GC heap before
{Heap before GC invocations=2 (full 0):
 garbage-first heap   total 253952K, used 159317K [0x00000000a0000000, 0x0000000100000000)
  region size 1024K, 148 young (151552K), 5 survivors (5120K)
 Metaspace       used 20562K, committed 21184K, reserved 1114112K
  class space    used 3024K, committed 3328K, reserved 1048576K
}
Event: 60.599 GC heap after
{Heap after GC invocations=3 (full 0):
 garbage-first heap   total 253952K, used 23777K [0x00000000a0000000, 0x0000000100000000)
  region size 1024K, 17 young (17408K), 17 survivors (17408K)
 Metaspace       used 20562K, committed 21184K, reserved 1114112K
  class space    used 3024K, committed 3328K, reserved 1048576K
}
Event: 63.297 GC heap before
{Heap before GC invocations=3 (full 0):
 garbage-first heap   total 253952K, used 25825K [0x00000000a0000000, 0x0000000100000000)
  region size 1024K, 20 young (20480K), 17 survivors (17408K)
 Metaspace       used 20824K, committed 21504K, reserved 1114112K
  class space    used 3062K, committed 3392K, reserved 1048576K
}
Event: 63.317 GC heap after
{Heap after GC invocations=4 (full 0):
 garbage-first heap   total 253952K, used 25280K [0x00000000a0000000, 0x0000000100000000)
  region size 1024K, 2 young (2048K), 2 survivors (2048K)
 Metaspace       used 20824K, committed 21504K, reserved 1114112K
  class space    used 3062K, committed 3392K, reserved 1048576K
}
Event: 88.029 GC heap before
{Heap before GC invocations=5 (full 0):
 garbage-first heap   total 86016K, used 74432K [0x00000000a0000000, 0x0000000100000000)
  region size 1024K, 50 young (51200K), 2 survivors (2048K)
 Metaspace       used 27301K, committed 28224K, reserved 1114112K
  class space    used 4118K, committed 4544K, reserved 1048576K
}
Event: 88.033 GC heap after
{Heap after GC invocations=6 (full 0):
 garbage-first heap   total 86016K, used 26100K [0x00000000a0000000, 0x0000000100000000)
  region size 1024K, 3 young (3072K), 3 survivors (3072K)
 Metaspace       used 27301K, committed 28224K, reserved 1114112K
  class space    used 4118K, committed 4544K, reserved 1048576K
}
Event: 94.265 GC heap before
{Heap before GC invocations=6 (full 0):
 garbage-first heap   total 86016K, used 71156K [0x00000000a0000000, 0x0000000100000000)
  region size 1024K, 48 young (49152K), 3 survivors (3072K)
 Metaspace       used 32882K, committed 33792K, reserved 1114112K
  class space    used 4721K, committed 5184K, reserved 1048576K
}
Event: 94.273 GC heap after
{Heap after GC invocations=7 (full 0):
 garbage-first heap   total 86016K, used 30570K [0x00000000a0000000, 0x0000000100000000)
  region size 1024K, 6 young (6144K), 6 survivors (6144K)
 Metaspace       used 32882K, committed 33792K, reserved 1114112K
  class space    used 4721K, committed 5184K, reserved 1048576K
}
Event: 95.528 GC heap before
{Heap before GC invocations=7 (full 0):
 garbage-first heap   total 86016K, used 49002K [0x00000000a0000000, 0x0000000100000000)
  region size 1024K, 20 young (20480K), 6 survivors (6144K)
 Metaspace       used 34972K, committed 35968K, reserved 1114112K
  class space    used 4946K, committed 5440K, reserved 1048576K
}
Event: 95.537 GC heap after
{Heap after GC invocations=8 (full 0):
 garbage-first heap   total 86016K, used 32748K [0x00000000a0000000, 0x0000000100000000)
  region size 1024K, 2 young (2048K), 2 survivors (2048K)
 Metaspace       used 34972K, committed 35968K, reserved 1114112K
  class space    used 4946K, committed 5440K, reserved 1048576K
}

