# JRE version: OpenJDK Runtime Environment Temurin-21.0.12.1+1 (21.0.12.1+1) (build 21.0.12.1+1-LTS)
# Java VM: OpenJDK 64-Bit Server VM Temurin-21.0.12.1+1 (21.0.12.1+1-LTS, mixed mode, sharing, tiered, compressed oops, compressed class ptrs, g1 gc, windows-amd64)
GC Precious Log:
 CardTable entry size: 512
 Card Set container configuration: InlinePtr #cards 5 size 8 Array Of Cards #cards 12 size 40 Howl #buckets 4 coarsen threshold 1843 Howl Bitmap #cards 512 size 80 coarsen threshold 460 Card regions per heap region 1 cards per card region 2048
 CPUs: 12 total, 12 available
 Memory: 15754M
 Large Page Support: Disabled
 NUMA Support: Disabled
 Compressed Oops: Enabled (32-bit)
 Heap Region Size: 1M
 Heap Min Capacity: 8M
 Heap Initial Capacity: 248M
 Heap Max Capacity: 1536M
 Pre-touch: Disabled
 Parallel Workers: 10
 Concurrent Workers: 3
 Concurrent Refinement Workers: 10
 Periodic GC: Disabled
Heap:
 garbage-first heap   total 90112K, used 43164K [0x00000000a0000000, 0x0000000100000000)
  region size 1024K, 13 young (13312K), 2 survivors (2048K)
 Metaspace       used 36013K, committed 37184K, reserved 1114112K
  class space    used 5124K, committed 5696K, reserved 1048576K
GC Heap History (14 events):
Event: 1.450 GC heap before
{Heap before GC invocations=0 (full 0):
 garbage-first heap   total 253952K, used 23552K [0x00000000a0000000, 0x0000000100000000)
  region size 1024K, 23 young (23552K), 0 survivors (0K)
 Metaspace       used 900K, committed 1024K, reserved 1114112K
  class space    used 72K, committed 128K, reserved 1048576K
}
Event: 1.948 GC heap after
{Heap after GC invocations=1 (full 0):
 garbage-first heap   total 253952K, used 1536K [0x00000000a0000000, 0x0000000100000000)
  region size 1024K, 2 young (2048K), 2 survivors (2048K)
 Metaspace       used 900K, committed 1024K, reserved 1114112K
  class space    used 72K, committed 128K, reserved 1048576K
}
Event: 5.179 GC heap before
{Heap before GC invocations=1 (full 0):
 garbage-first heap   total 253952K, used 40448K [0x00000000a0000000, 0x0000000100000000)
  region size 1024K, 38 young (38912K), 2 survivors (2048K)
 Metaspace       used 4397K, committed 4608K, reserved 1114112K
  class space    used 557K, committed 640K, reserved 1048576K
}
Event: 5.197 GC heap after
{Heap after GC invocations=2 (full 0):
 garbage-first heap   total 253952K, used 10858K [0x00000000a0000000, 0x0000000100000000)
  region size 1024K, 5 young (5120K), 5 survivors (5120K)
 Metaspace       used 4397K, committed 4608K, reserved 1114112K
  class space    used 557K, committed 640K, reserved 1048576K
}
Event: 26.248 GC heap before
{Heap before GC invocations=2 (full 0):
 garbage-first heap   total 253952K, used 158314K [0x00000000a0000000, 0x0000000100000000)
  region size 1024K, 147 young (150528K), 5 survivors (5120K)
 Metaspace       used 20615K, committed 21312K, reserved 1114112K
  class space    used 3034K, committed 3392K, reserved 1048576K
}
Event: 26.281 GC heap after
{Heap after GC invocations=3 (full 0):
 garbage-first heap   total 253952K, used 24027K [0x00000000a0000000, 0x0000000100000000)
  region size 1024K, 17 young (17408K), 17 survivors (17408K)
 Metaspace       used 20615K, committed 21312K, reserved 1114112K
  class space    used 3034K, committed 3392K, reserved 1048576K
}
Event: 26.401 GC heap before
{Heap before GC invocations=3 (full 0):
 garbage-first heap   total 253952K, used 25051K [0x00000000a0000000, 0x0000000100000000)
  region size 1024K, 19 young (19456K), 17 survivors (17408K)
 Metaspace       used 20837K, committed 21504K, reserved 1114112K
  class space    used 3071K, committed 3392K, reserved 1048576K
}
Event: 26.415 GC heap after
{Heap after GC invocations=4 (full 0):
 garbage-first heap   total 253952K, used 25387K [0x00000000a0000000, 0x0000000100000000)
  region size 1024K, 2 young (2048K), 2 survivors (2048K)
 Metaspace       used 20837K, committed 21504K, reserved 1114112K
  class space    used 3071K, committed 3392K, reserved 1048576K
}
Event: 42.695 GC heap before
{Heap before GC invocations=5 (full 0):
 garbage-first heap   total 86016K, used 85803K [0x00000000a0000000, 0x0000000100000000)
  region size 1024K, 61 young (62464K), 2 survivors (2048K)
 Metaspace       used 28356K, committed 29312K, reserved 1114112K
  class space    used 4279K, committed 4736K, reserved 1048576K
}
Event: 42.701 GC heap after
{Heap after GC invocations=6 (full 0):
 garbage-first heap   total 90112K, used 27167K [0x00000000a0000000, 0x0000000100000000)
  region size 1024K, 4 young (4096K), 4 survivors (4096K)
 Metaspace       used 28356K, committed 29312K, reserved 1114112K
  class space    used 4279K, committed 4736K, reserved 1048576K
}
Event: 46.048 GC heap before
{Heap before GC invocations=6 (full 0):
 garbage-first heap   total 90112K, used 79391K [0x00000000a0000000, 0x0000000100000000)
  region size 1024K, 51 young (52224K), 4 survivors (4096K)
 Metaspace       used 34317K, committed 35392K, reserved 1114112K
  class space    used 4859K, committed 5376K, reserved 1048576K
}
Event: 46.057 GC heap after
{Heap after GC invocations=7 (full 0):
 garbage-first heap   total 90112K, used 31314K [0x00000000a0000000, 0x0000000100000000)
  region size 1024K, 7 young (7168K), 7 survivors (7168K)
 Metaspace       used 34317K, committed 35392K, reserved 1114112K
  class space    used 4859K, committed 5376K, reserved 1048576K
}
Event: 46.411 GC heap before
{Heap before GC invocations=7 (full 0):
 garbage-first heap   total 90112K, used 37458K [0x00000000a0000000, 0x0000000100000000)
  region size 1024K, 14 young (14336K), 7 survivors (7168K)
 Metaspace       used 35054K, committed 36096K, reserved 1114112K
  class space    used 4969K, committed 5504K, reserved 1048576K
}
Event: 46.417 GC heap after
{Heap after GC invocations=8 (full 0):
 garbage-first heap   total 90112K, used 32924K [0x00000000a0000000, 0x0000000100000000)
  region size 1024K, 2 young (2048K), 2 survivors (2048K)
 Metaspace       used 35054K, committed 36096K, reserved 1114112K
  class space    used 4969K, committed 5504K, reserved 1048576K
}

