# JRE version: OpenJDK Runtime Environment Temurin-21.0.12.1+1 (21.0.12.1+1) (build 21.0.12.1+1-LTS)
# Java VM: OpenJDK 64-Bit Server VM Temurin-21.0.12.1+1 (21.0.12.1+1-LTS, mixed mode, sharing, tiered, compressed oops, compressed class ptrs, g1 gc, windows-amd64)
GC Precious Log:
 CardTable entry size: 512
 Card Set container configuration: InlinePtr #cards 5 size 8 Array Of Cards #cards 12 size 40 Howl #buckets 4 coarsen threshold 1843 Howl Bitmap #cards 512 size 80 coarsen threshold 460 Card regions per heap region 1 cards per card region 2048
 CPUs: 12 total, 12 available
 Memory: 15754M
 Large Page Support: Disabled
 NUMA Support: Disabled
 Compressed Oops: Enabled (32-bit)
 Heap Region Size: 1M
 Heap Min Capacity: 8M
 Heap Initial Capacity: 248M
 Heap Max Capacity: 1536M
 Pre-touch: Disabled
 Parallel Workers: 10
 Concurrent Workers: 3
 Concurrent Refinement Workers: 10
 Periodic GC: Disabled
Heap:
 garbage-first heap   total 86016K, used 34360K [0x00000000a0000000, 0x0000000100000000)
  region size 1024K, 12 young (12288K), 3 survivors (3072K)
 Metaspace       used 27086K, committed 28032K, reserved 1114112K
  class space    used 4074K, committed 4544K, reserved 1048576K
GC Heap History (10 events):
Event: 1.165 GC heap before
{Heap before GC invocations=0 (full 0):
 garbage-first heap   total 253952K, used 23552K [0x00000000a0000000, 0x0000000100000000)
  region size 1024K, 23 young (23552K), 0 survivors (0K)
 Metaspace       used 902K, committed 1024K, reserved 1114112K
  class space    used 72K, committed 128K, reserved 1048576K
}
Event: 1.176 GC heap after
{Heap after GC invocations=1 (full 0):
 garbage-first heap   total 253952K, used 1536K [0x00000000a0000000, 0x0000000100000000)
  region size 1024K, 2 young (2048K), 2 survivors (2048K)
 Metaspace       used 902K, committed 1024K, reserved 1114112K
  class space    used 72K, committed 128K, reserved 1048576K
}
Event: 4.348 GC heap before
{Heap before GC invocations=1 (full 0):
 garbage-first heap   total 253952K, used 40448K [0x00000000a0000000, 0x0000000100000000)
  region size 1024K, 38 young (38912K), 2 survivors (2048K)
 Metaspace       used 4424K, committed 4608K, reserved 1114112K
  class space    used 556K, committed 640K, reserved 1048576K
}
Event: 4.356 GC heap after
{Heap after GC invocations=2 (full 0):
 garbage-first heap   total 253952K, used 10937K [0x00000000a0000000, 0x0000000100000000)
  region size 1024K, 5 young (5120K), 5 survivors (5120K)
 Metaspace       used 4424K, committed 4608K, reserved 1114112K
  class space    used 556K, committed 640K, reserved 1048576K
}
Event: 40.427 GC heap before
{Heap before GC invocations=2 (full 0):
 garbage-first heap   total 253952K, used 155321K [0x00000000a0000000, 0x0000000100000000)
  region size 1024K, 144 young (147456K), 5 survivors (5120K)
 Metaspace       used 20112K, committed 20800K, reserved 1114112K
  class space    used 2949K, committed 3264K, reserved 1048576K
}
Event: 40.486 GC heap after
{Heap after GC invocations=3 (full 0):
 garbage-first heap   total 253952K, used 23718K [0x00000000a0000000, 0x0000000100000000)
  region size 1024K, 17 young (17408K), 17 survivors (17408K)
 Metaspace       used 20112K, committed 20800K, reserved 1114112K
  class space    used 2949K, committed 3264K, reserved 1048576K
}
Event: 41.893 GC heap before
{Heap before GC invocations=3 (full 0):
 garbage-first heap   total 253952K, used 29862K [0x00000000a0000000, 0x0000000100000000)
  region size 1024K, 24 young (24576K), 17 survivors (17408K)
 Metaspace       used 20877K, committed 21504K, reserved 1114112K
  class space    used 3066K, committed 3392K, reserved 1048576K
}
Event: 41.910 GC heap after
{Heap after GC invocations=4 (full 0):
 garbage-first heap   total 253952K, used 25089K [0x00000000a0000000, 0x0000000100000000)
  region size 1024K, 2 young (2048K), 2 survivors (2048K)
 Metaspace       used 20877K, committed 21504K, reserved 1114112K
  class space    used 3066K, committed 3392K, reserved 1048576K
}
Event: 84.426 GC heap before
{Heap before GC invocations=5 (full 0):
 garbage-first heap   total 86016K, used 74241K [0x00000000a0000000, 0x0000000100000000)
  region size 1024K, 50 young (51200K), 2 survivors (2048K)
 Metaspace       used 26809K, committed 27712K, reserved 1114112K
  class space    used 4037K, committed 4480K, reserved 1048576K
}
Event: 84.536 GC heap after
{Heap after GC invocations=6 (full 0):
 garbage-first heap   total 86016K, used 26168K [0x00000000a0000000, 0x0000000100000000)
  region size 1024K, 3 young (3072K), 3 survivors (3072K)
 Metaspace       used 26809K, committed 27712K, reserved 1114112K
  class space    used 4037K, committed 4480K, reserved 1048576K
}

