# JRE version: OpenJDK Runtime Environment Temurin-21.0.12.1+1 (21.0.12.1+1) (build 21.0.12.1+1-LTS)
# Java VM: OpenJDK 64-Bit Server VM Temurin-21.0.12.1+1 (21.0.12.1+1-LTS, mixed mode, sharing, tiered, compressed oops, compressed class ptrs, g1 gc, windows-amd64)
GC Precious Log:
 CardTable entry size: 512
 Card Set container configuration: InlinePtr #cards 5 size 8 Array Of Cards #cards 12 size 40 Howl #buckets 4 coarsen threshold 1843 Howl Bitmap #cards 512 size 80 coarsen threshold 460 Card regions per heap region 1 cards per card region 2048
 CPUs: 12 total, 12 available
 Memory: 15754M
 Large Page Support: Disabled
 NUMA Support: Disabled
 Compressed Oops: Enabled (32-bit)
 Heap Region Size: 1M
 Heap Min Capacity: 8M
 Heap Initial Capacity: 248M
 Heap Max Capacity: 1536M
 Pre-touch: Disabled
 Parallel Workers: 10
 Concurrent Workers: 3
 Concurrent Refinement Workers: 10
 Periodic GC: Disabled
Heap:
 garbage-first heap   total 93184K, used 58975K [0x00000000a0000000, 0x0000000100000000)
  region size 1024K, 27 young (27648K), 6 survivors (6144K)
 Metaspace       used 44202K, committed 45760K, reserved 1114112K
  class space    used 6323K, committed 7040K, reserved 1048576K
GC Heap History (18 events):
Event: 1.946 GC heap before
{Heap before GC invocations=0 (full 0):
 garbage-first heap   total 253952K, used 23552K [0x00000000a0000000, 0x0000000100000000)
  region size 1024K, 23 young (23552K), 0 survivors (0K)
 Metaspace       used 894K, committed 1024K, reserved 1114112K
  class space    used 72K, committed 128K, reserved 1048576K
}
Event: 2.154 GC heap after
{Heap after GC invocations=1 (full 0):
 garbage-first heap   total 253952K, used 1536K [0x00000000a0000000, 0x0000000100000000)
  region size 1024K, 2 young (2048K), 2 survivors (2048K)
 Metaspace       used 894K, committed 1024K, reserved 1114112K
  class space    used 72K, committed 128K, reserved 1048576K
}
Event: 7.797 GC heap before
{Heap before GC invocations=1 (full 0):
 garbage-first heap   total 253952K, used 40448K [0x00000000a0000000, 0x0000000100000000)
  region size 1024K, 38 young (38912K), 2 survivors (2048K)
 Metaspace       used 4413K, committed 4608K, reserved 1114112K
  class space    used 557K, committed 640K, reserved 1048576K
}
Event: 7.807 GC heap after
{Heap after GC invocations=2 (full 0):
 garbage-first heap   total 253952K, used 10697K [0x00000000a0000000, 0x0000000100000000)
  region size 1024K, 5 young (5120K), 5 survivors (5120K)
 Metaspace       used 4413K, committed 4608K, reserved 1114112K
  class space    used 557K, committed 640K, reserved 1048576K
}
Event: 36.148 GC heap before
{Heap before GC invocations=2 (full 0):
 garbage-first heap   total 253952K, used 158153K [0x00000000a0000000, 0x0000000100000000)
  region size 1024K, 148 young (151552K), 5 survivors (5120K)
 Metaspace       used 20655K, committed 21376K, reserved 1114112K
  class space    used 3039K, committed 3392K, reserved 1048576K
}
Event: 36.229 GC heap after
{Heap after GC invocations=3 (full 0):
 garbage-first heap   total 253952K, used 24009K [0x00000000a0000000, 0x0000000100000000)
  region size 1024K, 17 young (17408K), 17 survivors (17408K)
 Metaspace       used 20655K, committed 21376K, reserved 1114112K
  class space    used 3039K, committed 3392K, reserved 1048576K
}
Event: 36.298 GC heap before
{Heap before GC invocations=3 (full 0):
 garbage-first heap   total 253952K, used 25033K [0x00000000a0000000, 0x0000000100000000)
  region size 1024K, 19 young (19456K), 17 survivors (17408K)
 Metaspace       used 20808K, committed 21504K, reserved 1114112K
  class space    used 3067K, committed 3392K, reserved 1048576K
}
Event: 36.311 GC heap after
{Heap after GC invocations=4 (full 0):
 garbage-first heap   total 253952K, used 25690K [0x00000000a0000000, 0x0000000100000000)
  region size 1024K, 2 young (2048K), 2 survivors (2048K)
 Metaspace       used 20808K, committed 21504K, reserved 1114112K
  class space    used 3067K, committed 3392K, reserved 1048576K
}
Event: 69.363 GC heap before
{Heap before GC invocations=5 (full 0):
 garbage-first heap   total 89088K, used 87130K [0x00000000a0000000, 0x0000000100000000)
  region size 1024K, 63 young (64512K), 2 survivors (2048K)
 Metaspace       used 28382K, committed 29312K, reserved 1114112K
  class space    used 4276K, committed 4736K, reserved 1048576K
}
Event: 69.369 GC heap after
{Heap after GC invocations=6 (full 0):
 garbage-first heap   total 93184K, used 27732K [0x00000000a0000000, 0x0000000100000000)
  region size 1024K, 4 young (4096K), 4 survivors (4096K)
 Metaspace       used 28382K, committed 29312K, reserved 1114112K
  class space    used 4276K, committed 4736K, reserved 1048576K
}
Event: 71.415 GC heap before
{Heap before GC invocations=6 (full 0):
 garbage-first heap   total 93184K, used 80980K [0x00000000a0000000, 0x0000000100000000)
  region size 1024K, 52 young (53248K), 4 survivors (4096K)
 Metaspace       used 34383K, committed 35392K, reserved 1114112K
  class space    used 4863K, committed 5376K, reserved 1048576K
}
Event: 71.424 GC heap after
{Heap after GC invocations=7 (full 0):
 garbage-first heap   total 93184K, used 32216K [0x00000000a0000000, 0x0000000100000000)
  region size 1024K, 7 young (7168K), 7 survivors (7168K)
 Metaspace       used 34383K, committed 35392K, reserved 1114112K
  class space    used 4863K, committed 5376K, reserved 1048576K
}
Event: 71.697 GC heap before
{Heap before GC invocations=7 (full 0):
 garbage-first heap   total 93184K, used 36312K [0x00000000a0000000, 0x0000000100000000)
  region size 1024K, 12 young (12288K), 7 survivors (7168K)
 Metaspace       used 35037K, committed 36096K, reserved 1114112K
  class space    used 4964K, committed 5504K, reserved 1048576K
}
Event: 71.706 GC heap after
{Heap after GC invocations=8 (full 0):
 garbage-first heap   total 93184K, used 33645K [0x00000000a0000000, 0x0000000100000000)
  region size 1024K, 2 young (2048K), 2 survivors (2048K)
 Metaspace       used 35037K, committed 36096K, reserved 1114112K
  class space    used 4964K, committed 5504K, reserved 1048576K
}
Event: 207.525 GC heap before
{Heap before GC invocations=9 (full 0):
 garbage-first heap   total 93184K, used 76653K [0x00000000a0000000, 0x0000000100000000)
  region size 1024K, 44 young (45056K), 2 survivors (2048K)
 Metaspace       used 37660K, committed 38848K, reserved 1114112K
  class space    used 5369K, committed 5952K, reserved 1048576K
}
Event: 207.540 GC heap after
{Heap after GC invocations=10 (full 0):
 garbage-first heap   total 93184K, used 34966K [0x00000000a0000000, 0x0000000100000000)
  region size 1024K, 3 young (3072K), 3 survivors (3072K)
 Metaspace       used 37660K, committed 38848K, reserved 1114112K
  class space    used 5369K, committed 5952K, reserved 1048576K
}
Event: 212.159 GC heap before
{Heap before GC invocations=10 (full 0):
 garbage-first heap   total 93184K, used 78998K [0x00000000a0000000, 0x0000000100000000)
  region size 1024K, 46 young (47104K), 3 survivors (3072K)
 Metaspace       used 42547K, committed 44032K, reserved 1114112K
  class space    used 6180K, committed 6912K, reserved 1048576K
}
Event: 212.172 GC heap after
{Heap after GC invocations=11 (full 0):
 garbage-first heap   total 93184K, used 37471K [0x00000000a0000000, 0x0000000100000000)
  region size 1024K, 6 young (6144K), 6 survivors (6144K)
 Metaspace       used 42547K, committed 44032K, reserved 1114112K
  class space    used 6180K, committed 6912K, reserved 1048576K
}

