# JRE version: OpenJDK Runtime Environment Temurin-21.0.12.1+1 (21.0.12.1+1) (build 21.0.12.1+1-LTS)
# Java VM: OpenJDK 64-Bit Server VM Temurin-21.0.12.1+1 (21.0.12.1+1-LTS, mixed mode, sharing, tiered, compressed oops, compressed class ptrs, g1 gc, windows-amd64)
GC Precious Log:
 CardTable entry size: 512
 Card Set container configuration: InlinePtr #cards 5 size 8 Array Of Cards #cards 12 size 40 Howl #buckets 4 coarsen threshold 1843 Howl Bitmap #cards 512 size 80 coarsen threshold 460 Card regions per heap region 1 cards per card region 2048
 CPUs: 12 total, 12 available
 Memory: 15754M
 Large Page Support: Disabled
 NUMA Support: Disabled
 Compressed Oops: Enabled (32-bit)
 Heap Region Size: 1M
 Heap Min Capacity: 256M
 Heap Initial Capacity: 256M
 Heap Max Capacity: 512M
 Pre-touch: Disabled
 Parallel Workers: 10
 Concurrent Workers: 3
 Concurrent Refinement Workers: 10
 Periodic GC: Disabled
Heap:
 garbage-first heap   total 262144K, used 168314K [0x00000000e0000000, 0x0000000100000000)
  region size 1024K, 120 young (122880K), 11 survivors (11264K)
 Metaspace       used 52114K, committed 53888K, reserved 393216K
  class space    used 7338K, committed 8192K, reserved 327680K
GC Heap History (18 events):
Event: 1.184 GC heap before
{Heap before GC invocations=0 (full 0):
 garbage-first heap   total 262144K, used 26624K [0x00000000e0000000, 0x0000000100000000)
  region size 1024K, 23 young (23552K), 0 survivors (0K)
 Metaspace       used 1141K, committed 1280K, reserved 393216K
  class space    used 81K, committed 128K, reserved 327680K
}
Event: 1.233 GC heap after
{Heap after GC invocations=1 (full 0):
 garbage-first heap   total 262144K, used 9482K [0x00000000e0000000, 0x0000000100000000)
  region size 1024K, 3 young (3072K), 3 survivors (3072K)
 Metaspace       used 1141K, committed 1280K, reserved 393216K
  class space    used 81K, committed 128K, reserved 327680K
}
Event: 2.826 GC heap before
{Heap before GC invocations=1 (full 0):
 garbage-first heap   total 262144K, used 41226K [0x00000000e0000000, 0x0000000100000000)
  region size 1024K, 34 young (34816K), 3 survivors (3072K)
 Metaspace       used 4304K, committed 4480K, reserved 393216K
  class space    used 541K, committed 640K, reserved 327680K
}
Event: 2.831 GC heap after
{Heap after GC invocations=2 (full 0):
 garbage-first heap   total 262144K, used 11946K [0x00000000e0000000, 0x0000000100000000)
  region size 1024K, 3 young (3072K), 3 survivors (3072K)
 Metaspace       used 4304K, committed 4480K, reserved 393216K
  class space    used 541K, committed 640K, reserved 327680K
}
Event: 4.635 GC heap before
{Heap before GC invocations=2 (full 0):
 garbage-first heap   total 262144K, used 59050K [0x00000000e0000000, 0x0000000100000000)
  region size 1024K, 48 young (49152K), 3 survivors (3072K)
 Metaspace       used 5858K, committed 6016K, reserved 393216K
  class space    used 773K, committed 832K, reserved 327680K
}
Event: 4.642 GC heap after
{Heap after GC invocations=3 (full 0):
 garbage-first heap   total 262144K, used 18631K [0x00000000e0000000, 0x0000000100000000)
  region size 1024K, 6 young (6144K), 6 survivors (6144K)
 Metaspace       used 5858K, committed 6016K, reserved 393216K
  class space    used 773K, committed 832K, reserved 327680K
}
Event: 19.655 GC heap before
{Heap before GC invocations=3 (full 0):
 garbage-first heap   total 262144K, used 105671K [0x00000000e0000000, 0x0000000100000000)
  region size 1024K, 92 young (94208K), 6 survivors (6144K)
 Metaspace       used 20843K, committed 21504K, reserved 393216K
  class space    used 3056K, committed 3392K, reserved 327680K
}
Event: 19.669 GC heap after
{Heap after GC invocations=4 (full 0):
 garbage-first heap   total 262144K, used 25373K [0x00000000e0000000, 0x0000000100000000)
  region size 1024K, 13 young (13312K), 13 survivors (13312K)
 Metaspace       used 20843K, committed 21504K, reserved 393216K
  class space    used 3056K, committed 3392K, reserved 327680K
}
Event: 56.606 GC heap before
{Heap before GC invocations=5 (full 0):
 garbage-first heap   total 262144K, used 121629K [0x00000000e0000000, 0x0000000100000000)
  region size 1024K, 108 young (110592K), 13 survivors (13312K)
 Metaspace       used 34890K, committed 36096K, reserved 393216K
  class space    used 5172K, committed 5760K, reserved 327680K
}
Event: 56.627 GC heap after
{Heap after GC invocations=6 (full 0):
 garbage-first heap   total 262144K, used 32438K [0x00000000e0000000, 0x0000000100000000)
  region size 1024K, 14 young (14336K), 14 survivors (14336K)
 Metaspace       used 34890K, committed 36096K, reserved 393216K
  class space    used 5172K, committed 5760K, reserved 327680K
}
Event: 56.791 GC heap before
{Heap before GC invocations=6 (full 0):
 garbage-first heap   total 262144K, used 32438K [0x00000000e0000000, 0x0000000100000000)
  region size 1024K, 15 young (15360K), 14 survivors (14336K)
 Metaspace       used 35186K, committed 36416K, reserved 393216K
  class space    used 5184K, committed 5824K, reserved 327680K
}
Event: 56.809 GC heap after
{Heap after GC invocations=7 (full 0):
 garbage-first heap   total 262144K, used 31812K [0x00000000e0000000, 0x0000000100000000)
  region size 1024K, 7 young (7168K), 7 survivors (7168K)
 Metaspace       used 35186K, committed 36416K, reserved 393216K
  class space    used 5184K, committed 5824K, reserved 327680K
}
Event: 57.171 GC heap before
{Heap before GC invocations=7 (full 0):
 garbage-first heap   total 262144K, used 33860K [0x00000000e0000000, 0x0000000100000000)
  region size 1024K, 10 young (10240K), 7 survivors (7168K)
 Metaspace       used 35463K, committed 36736K, reserved 393216K
  class space    used 5216K, committed 5824K, reserved 327680K
}
Event: 57.177 GC heap after
{Heap after GC invocations=8 (full 0):
 garbage-first heap   total 262144K, used 32471K [0x00000000e0000000, 0x0000000100000000)
  region size 1024K, 8 young (8192K), 8 survivors (8192K)
 Metaspace       used 35463K, committed 36736K, reserved 393216K
  class space    used 5216K, committed 5824K, reserved 327680K
}
Event: 86.006 GC heap before
{Heap before GC invocations=9 (full 0):
 garbage-first heap   total 262144K, used 187095K [0x00000000e0000000, 0x0000000100000000)
  region size 1024K, 153 young (156672K), 8 survivors (8192K)
 Metaspace       used 48075K, committed 49728K, reserved 393216K
  class space    used 6955K, committed 7808K, reserved 327680K
}
Event: 86.026 GC heap after
{Heap after GC invocations=10 (full 0):
 garbage-first heap   total 262144K, used 43168K [0x00000000e0000000, 0x0000000100000000)
  region size 1024K, 18 young (18432K), 18 survivors (18432K)
 Metaspace       used 48075K, committed 49728K, reserved 393216K
  class space    used 6955K, committed 7808K, reserved 327680K
}
Event: 129.185 GC heap before
{Heap before GC invocations=10 (full 0):
 garbage-first heap   total 262144K, used 187552K [0x00000000e0000000, 0x0000000100000000)
  region size 1024K, 153 young (156672K), 18 survivors (18432K)
 Metaspace       used 50746K, committed 52416K, reserved 393216K
  class space    used 7259K, committed 8064K, reserved 327680K
}
Event: 129.206 GC heap after
{Heap after GC invocations=11 (full 0):
 garbage-first heap   total 262144K, used 57722K [0x00000000e0000000, 0x0000000100000000)
  region size 1024K, 11 young (11264K), 11 survivors (11264K)
 Metaspace       used 50746K, committed 52416K, reserved 393216K
  class space    used 7259K, committed 8064K, reserved 327680K
}

