# JRE version: OpenJDK Runtime Environment Temurin-21.0.12.1+1 (21.0.12.1+1) (build 21.0.12.1+1-LTS)
# Java VM: OpenJDK 64-Bit Server VM Temurin-21.0.12.1+1 (21.0.12.1+1-LTS, mixed mode, sharing, tiered, compressed oops, compressed class ptrs, g1 gc, windows-amd64)
GC Precious Log:
 CardTable entry size: 512
 Card Set container configuration: InlinePtr #cards 5 size 8 Array Of Cards #cards 12 size 40 Howl #buckets 4 coarsen threshold 1843 Howl Bitmap #cards 512 size 80 coarsen threshold 460 Card regions per heap region 1 cards per card region 2048
 CPUs: 12 total, 12 available
 Memory: 15754M
 Large Page Support: Disabled
 NUMA Support: Disabled
 Compressed Oops: Enabled (32-bit)
 Heap Region Size: 1M
 Heap Min Capacity: 8M
 Heap Initial Capacity: 248M
 Heap Max Capacity: 1536M
 Pre-touch: Disabled
 Parallel Workers: 10
 Concurrent Workers: 3
 Concurrent Refinement Workers: 10
 Periodic GC: Disabled
Heap:
 garbage-first heap   total 86016K, used 48207K [0x00000000a0000000, 0x0000000100000000)
  region size 1024K, 18 young (18432K), 3 survivors (3072K)
 Metaspace       used 36682K, committed 37760K, reserved 1114112K
  class space    used 5225K, committed 5760K, reserved 1048576K
GC Heap History (14 events):
Event: 5.638 GC heap before
{Heap before GC invocations=0 (full 0):
 garbage-first heap   total 253952K, used 23552K [0x00000000a0000000, 0x0000000100000000)
  region size 1024K, 23 young (23552K), 0 survivors (0K)
 Metaspace       used 891K, committed 1024K, reserved 1114112K
  class space    used 72K, committed 128K, reserved 1048576K
}
Event: 5.892 GC heap after
{Heap after GC invocations=1 (full 0):
 garbage-first heap   total 253952K, used 1536K [0x00000000a0000000, 0x0000000100000000)
  region size 1024K, 2 young (2048K), 2 survivors (2048K)
 Metaspace       used 891K, committed 1024K, reserved 1114112K
  class space    used 72K, committed 128K, reserved 1048576K
}
Event: 22.957 GC heap before
{Heap before GC invocations=1 (full 0):
 garbage-first heap   total 253952K, used 40448K [0x00000000a0000000, 0x0000000100000000)
  region size 1024K, 38 young (38912K), 2 survivors (2048K)
 Metaspace       used 4410K, committed 4608K, reserved 1114112K
  class space    used 557K, committed 640K, reserved 1048576K
}
Event: 22.965 GC heap after
{Heap after GC invocations=2 (full 0):
 garbage-first heap   total 253952K, used 10799K [0x00000000a0000000, 0x0000000100000000)
  region size 1024K, 5 young (5120K), 5 survivors (5120K)
 Metaspace       used 4410K, committed 4608K, reserved 1114112K
  class space    used 557K, committed 640K, reserved 1048576K
}
Event: 40.138 GC heap before
{Heap before GC invocations=2 (full 0):
 garbage-first heap   total 253952K, used 135727K [0x00000000a0000000, 0x0000000100000000)
  region size 1024K, 125 young (128000K), 5 survivors (5120K)
 Metaspace       used 17693K, committed 18240K, reserved 1114112K
  class space    used 2519K, committed 2752K, reserved 1048576K
}
Event: 40.200 GC heap after
{Heap after GC invocations=3 (full 0):
 garbage-first heap   total 253952K, used 21869K [0x00000000a0000000, 0x0000000100000000)
  region size 1024K, 15 young (15360K), 15 survivors (15360K)
 Metaspace       used 17693K, committed 18240K, reserved 1114112K
  class space    used 2519K, committed 2752K, reserved 1048576K
}
Event: 43.374 GC heap before
{Heap before GC invocations=3 (full 0):
 garbage-first heap   total 253952K, used 46445K [0x00000000a0000000, 0x0000000100000000)
  region size 1024K, 40 young (40960K), 15 survivors (15360K)
 Metaspace       used 20823K, committed 21504K, reserved 1114112K
  class space    used 3070K, committed 3392K, reserved 1048576K
}
Event: 43.386 GC heap after
{Heap after GC invocations=4 (full 0):
 garbage-first heap   total 253952K, used 24917K [0x00000000a0000000, 0x0000000100000000)
  region size 1024K, 3 young (3072K), 3 survivors (3072K)
 Metaspace       used 20823K, committed 21504K, reserved 1114112K
  class space    used 3070K, committed 3392K, reserved 1048576K
}
Event: 58.800 GC heap before
{Heap before GC invocations=5 (full 0):
 garbage-first heap   total 86016K, used 73045K [0x00000000a0000000, 0x0000000100000000)
  region size 1024K, 50 young (51200K), 3 survivors (3072K)
 Metaspace       used 27119K, committed 28032K, reserved 1114112K
  class space    used 4099K, committed 4544K, reserved 1048576K
}
Event: 58.808 GC heap after
{Heap after GC invocations=6 (full 0):
 garbage-first heap   total 86016K, used 26462K [0x00000000a0000000, 0x0000000100000000)
  region size 1024K, 5 young (5120K), 5 survivors (5120K)
 Metaspace       used 27119K, committed 28032K, reserved 1114112K
  class space    used 4099K, committed 4544K, reserved 1048576K
}
Event: 60.686 GC heap before
{Heap before GC invocations=6 (full 0):
 garbage-first heap   total 86016K, used 69470K [0x00000000a0000000, 0x0000000100000000)
  region size 1024K, 48 young (49152K), 5 survivors (5120K)
 Metaspace       used 32791K, committed 33856K, reserved 1114112K
  class space    used 4728K, committed 5248K, reserved 1048576K
}
Event: 60.694 GC heap after
{Heap after GC invocations=7 (full 0):
 garbage-first heap   total 86016K, used 31192K [0x00000000a0000000, 0x0000000100000000)
  region size 1024K, 6 young (6144K), 6 survivors (6144K)
 Metaspace       used 32791K, committed 33856K, reserved 1114112K
  class space    used 4728K, committed 5248K, reserved 1048576K
}
Event: 62.034 GC heap before
{Heap before GC invocations=7 (full 0):
 garbage-first heap   total 86016K, used 54744K [0x00000000a0000000, 0x0000000100000000)
  region size 1024K, 25 young (25600K), 6 survivors (6144K)
 Metaspace       used 35127K, committed 36160K, reserved 1114112K
  class space    used 4986K, committed 5504K, reserved 1048576K
}
Event: 62.041 GC heap after
{Heap after GC invocations=8 (full 0):
 garbage-first heap   total 86016K, used 33871K [0x00000000a0000000, 0x0000000100000000)
  region size 1024K, 3 young (3072K), 3 survivors (3072K)
 Metaspace       used 35127K, committed 36160K, reserved 1114112K
  class space    used 4986K, committed 5504K, reserved 1048576K
}

