# JRE version: OpenJDK Runtime Environment Temurin-21.0.12.1+1 (21.0.12.1+1) (build 21.0.12.1+1-LTS)
# Java VM: OpenJDK 64-Bit Server VM Temurin-21.0.12.1+1 (21.0.12.1+1-LTS, mixed mode, sharing, tiered, compressed oops, compressed class ptrs, g1 gc, windows-amd64)
GC Precious Log:
 CardTable entry size: 512
 Card Set container configuration: InlinePtr #cards 5 size 8 Array Of Cards #cards 12 size 40 Howl #buckets 4 coarsen threshold 1843 Howl Bitmap #cards 512 size 80 coarsen threshold 460 Card regions per heap region 1 cards per card region 2048
 CPUs: 12 total, 12 available
 Memory: 15754M
 Large Page Support: Disabled
 NUMA Support: Disabled
 Compressed Oops: Enabled (32-bit)
 Heap Region Size: 1M
 Heap Min Capacity: 8M
 Heap Initial Capacity: 248M
 Heap Max Capacity: 1536M
 Pre-touch: Disabled
 Parallel Workers: 10
 Concurrent Workers: 3
 Concurrent Refinement Workers: 10
 Periodic GC: Disabled
Heap:
 garbage-first heap   total 121856K, used 107499K [0x00000000a0000000, 0x0000000100000000)
  region size 1024K, 38 young (38912K), 4 survivors (4096K)
 Metaspace       used 65996K, committed 67968K, reserved 1114112K
  class space    used 9281K, committed 10240K, reserved 1048576K
GC Heap History (20 events):
Event: 135.302 GC heap before
{Heap before GC invocations=12 (full 0):
 garbage-first heap   total 98304K, used 85010K [0x00000000a0000000, 0x0000000100000000)
  region size 1024K, 50 young (51200K), 7 survivors (7168K)
 Metaspace       used 50592K, committed 52224K, reserved 1114112K
  class space    used 7279K, committed 8064K, reserved 1048576K
}
Event: 135.311 GC heap after
{Heap after GC invocations=13 (full 0):
 garbage-first heap   total 98304K, used 46213K [0x00000000a0000000, 0x0000000100000000)
  region size 1024K, 7 young (7168K), 7 survivors (7168K)
 Metaspace       used 50592K, committed 52224K, reserved 1114112K
  class space    used 7279K, committed 8064K, reserved 1048576K
}
Event: 140.540 GC heap before
{Heap before GC invocations=13 (full 0):
 garbage-first heap   total 98304K, used 85125K [0x00000000a0000000, 0x0000000100000000)
  region size 1024K, 46 young (47104K), 7 survivors (7168K)
 Metaspace       used 51055K, committed 52800K, reserved 1114112K
  class space    used 7304K, committed 8128K, reserved 1048576K
}
Event: 140.546 GC heap after
{Heap after GC invocations=14 (full 0):
 garbage-first heap   total 98304K, used 47821K [0x00000000a0000000, 0x0000000100000000)
  region size 1024K, 4 young (4096K), 4 survivors (4096K)
 Metaspace       used 51055K, committed 52800K, reserved 1114112K
  class space    used 7304K, committed 8128K, reserved 1048576K
}
Event: 141.377 GC heap before
{Heap before GC invocations=14 (full 0):
 garbage-first heap   total 98304K, used 85709K [0x00000000a0000000, 0x0000000100000000)
  region size 1024K, 42 young (43008K), 4 survivors (4096K)
 Metaspace       used 51082K, committed 52800K, reserved 1114112K
  class space    used 7304K, committed 8128K, reserved 1048576K
}
Event: 141.381 GC heap after
{Heap after GC invocations=15 (full 0):
 garbage-first heap   total 98304K, used 48664K [0x00000000a0000000, 0x0000000100000000)
  region size 1024K, 4 young (4096K), 4 survivors (4096K)
 Metaspace       used 51082K, committed 52800K, reserved 1114112K
  class space    used 7304K, committed 8128K, reserved 1048576K
}
Event: 231.366 GC heap before
{Heap before GC invocations=16 (full 0):
 garbage-first heap   total 98304K, used 92696K [0x00000000a0000000, 0x0000000100000000)
  region size 1024K, 43 young (44032K), 4 survivors (4096K)
 Metaspace       used 51798K, committed 53568K, reserved 1114112K
  class space    used 7431K, committed 8320K, reserved 1048576K
}
Event: 231.406 GC heap after
{Heap after GC invocations=17 (full 0):
 garbage-first heap   total 103424K, used 57766K [0x00000000a0000000, 0x0000000100000000)
  region size 1024K, 6 young (6144K), 6 survivors (6144K)
 Metaspace       used 51798K, committed 53568K, reserved 1114112K
  class space    used 7431K, committed 8320K, reserved 1048576K
}
Event: 256.249 GC heap before
{Heap before GC invocations=17 (full 0):
 garbage-first heap   total 103424K, used 92582K [0x00000000a0000000, 0x0000000100000000)
  region size 1024K, 39 young (39936K), 6 survivors (6144K)
 Metaspace       used 54400K, committed 56256K, reserved 1114112K
  class space    used 7751K, committed 8640K, reserved 1048576K
}
Event: 256.271 GC heap after
{Heap after GC invocations=18 (full 0):
 garbage-first heap   total 104448K, used 62384K [0x00000000a0000000, 0x0000000100000000)
  region size 1024K, 4 young (4096K), 4 survivors (4096K)
 Metaspace       used 54400K, committed 56256K, reserved 1114112K
  class space    used 7751K, committed 8640K, reserved 1048576K
}
Event: 263.142 GC heap before
{Heap before GC invocations=18 (full 0):
 garbage-first heap   total 104448K, used 92080K [0x00000000a0000000, 0x0000000100000000)
  region size 1024K, 34 young (34816K), 4 survivors (4096K)
 Metaspace       used 57753K, committed 59584K, reserved 1114112K
  class space    used 8119K, committed 9024K, reserved 1048576K
}
Event: 263.154 GC heap after
{Heap after GC invocations=19 (full 0):
 garbage-first heap   total 104448K, used 62289K [0x00000000a0000000, 0x0000000100000000)
  region size 1024K, 3 young (3072K), 3 survivors (3072K)
 Metaspace       used 57753K, committed 59584K, reserved 1114112K
  class space    used 8119K, committed 9024K, reserved 1048576K
}
Event: 268.228 GC heap before
{Heap before GC invocations=20 (full 0):
 garbage-first heap   total 104448K, used 98129K [0x00000000a0000000, 0x0000000100000000)
  region size 1024K, 35 young (35840K), 3 survivors (3072K)
 Metaspace       used 60821K, committed 62720K, reserved 1114112K
  class space    used 8591K, committed 9536K, reserved 1048576K
}
Event: 268.238 GC heap after
{Heap after GC invocations=21 (full 0):
 garbage-first heap   total 108544K, used 71474K [0x00000000a0000000, 0x0000000100000000)
  region size 1024K, 5 young (5120K), 5 survivors (5120K)
 Metaspace       used 60821K, committed 62720K, reserved 1114112K
  class space    used 8591K, committed 9536K, reserved 1048576K
}
Event: 271.621 GC heap before
{Heap before GC invocations=21 (full 0):
 garbage-first heap   total 108544K, used 99122K [0x00000000a0000000, 0x0000000100000000)
  region size 1024K, 30 young (30720K), 5 survivors (5120K)
 Metaspace       used 62737K, committed 64704K, reserved 1114112K
  class space    used 8837K, committed 9792K, reserved 1048576K
}
Event: 271.628 GC heap after
{Heap after GC invocations=22 (full 0):
 garbage-first heap   total 108544K, used 71254K [0x00000000a0000000, 0x0000000100000000)
  region size 1024K, 2 young (2048K), 2 survivors (2048K)
 Metaspace       used 62737K, committed 64704K, reserved 1114112K
  class space    used 8837K, committed 9792K, reserved 1048576K
}
Event: 276.786 GC heap before
{Heap before GC invocations=22 (full 0):
 garbage-first heap   total 108544K, used 97878K [0x00000000a0000000, 0x0000000100000000)
  region size 1024K, 28 young (28672K), 2 survivors (2048K)
 Metaspace       used 64767K, committed 66752K, reserved 1114112K
  class space    used 9091K, committed 10048K, reserved 1048576K
}
Event: 276.791 GC heap after
{Heap after GC invocations=23 (full 0):
 garbage-first heap   total 108544K, used 72559K [0x00000000a0000000, 0x0000000100000000)
  region size 1024K, 4 young (4096K), 4 survivors (4096K)
 Metaspace       used 64767K, committed 66752K, reserved 1114112K
  class space    used 9091K, committed 10048K, reserved 1048576K
}
Event: 278.623 GC heap before
{Heap before GC invocations=24 (full 0):
 garbage-first heap   total 121856K, used 98159K [0x00000000a0000000, 0x0000000100000000)
  region size 1024K, 30 young (30720K), 4 survivors (4096K)
 Metaspace       used 65597K, committed 67584K, reserved 1114112K
  class space    used 9219K, committed 10176K, reserved 1048576K
}
Event: 278.628 GC heap after
{Heap after GC invocations=25 (full 0):
 garbage-first heap   total 121856K, used 73707K [0x00000000a0000000, 0x0000000100000000)
  region size 1024K, 4 young (4096K), 4 survivors (4096K)
 Metaspace       used 65597K, committed 67584K, reserved 1114112K
  class space    used 9219K, committed 10176K, reserved 1048576K
}

