# JRE version: OpenJDK Runtime Environment Temurin-21.0.12.1+1 (21.0.12.1+1) (build 21.0.12.1+1-LTS)
# Java VM: OpenJDK 64-Bit Server VM Temurin-21.0.12.1+1 (21.0.12.1+1-LTS, mixed mode, sharing, tiered, compressed oops, compressed class ptrs, g1 gc, windows-amd64)
GC Precious Log:
 CardTable entry size: 512
 Card Set container configuration: InlinePtr #cards 5 size 8 Array Of Cards #cards 12 size 40 Howl #buckets 4 coarsen threshold 1843 Howl Bitmap #cards 512 size 80 coarsen threshold 460 Card regions per heap region 1 cards per card region 2048
 CPUs: 12 total, 12 available
 Memory: 15754M
 Large Page Support: Disabled
 NUMA Support: Disabled
 Compressed Oops: Enabled (32-bit)
 Heap Region Size: 1M
 Heap Min Capacity: 256M
 Heap Initial Capacity: 256M
 Heap Max Capacity: 512M
 Pre-touch: Disabled
 Parallel Workers: 10
 Concurrent Workers: 3
 Concurrent Refinement Workers: 10
 Periodic GC: Disabled
Heap:
 garbage-first heap   total 262144K, used 67157K [0x00000000e0000000, 0x0000000100000000)
  region size 1024K, 37 young (37888K), 7 survivors (7168K)
 Metaspace       used 37299K, committed 38528K, reserved 393216K
  class space    used 5392K, committed 6016K, reserved 327680K
GC Heap History (14 events):
Event: 4.331 GC heap before
{Heap before GC invocations=0 (full 0):
 garbage-first heap   total 262144K, used 26624K [0x00000000e0000000, 0x0000000100000000)
  region size 1024K, 23 young (23552K), 0 survivors (0K)
 Metaspace       used 1135K, committed 1280K, reserved 393216K
  class space    used 81K, committed 128K, reserved 327680K
}
Event: 5.462 GC heap after
{Heap after GC invocations=1 (full 0):
 garbage-first heap   total 262144K, used 9429K [0x00000000e0000000, 0x0000000100000000)
  region size 1024K, 3 young (3072K), 3 survivors (3072K)
 Metaspace       used 1135K, committed 1280K, reserved 393216K
  class space    used 81K, committed 128K, reserved 327680K
}
Event: 8.980 GC heap before
{Heap before GC invocations=1 (full 0):
 garbage-first heap   total 262144K, used 41173K [0x00000000e0000000, 0x0000000100000000)
  region size 1024K, 34 young (34816K), 3 survivors (3072K)
 Metaspace       used 4308K, committed 4480K, reserved 393216K
  class space    used 544K, committed 640K, reserved 327680K
}
Event: 8.984 GC heap after
{Heap after GC invocations=2 (full 0):
 garbage-first heap   total 262144K, used 12033K [0x00000000e0000000, 0x0000000100000000)
  region size 1024K, 3 young (3072K), 3 survivors (3072K)
 Metaspace       used 4308K, committed 4480K, reserved 393216K
  class space    used 544K, committed 640K, reserved 327680K
}
Event: 13.435 GC heap before
{Heap before GC invocations=2 (full 0):
 garbage-first heap   total 262144K, used 59137K [0x00000000e0000000, 0x0000000100000000)
  region size 1024K, 48 young (49152K), 3 survivors (3072K)
 Metaspace       used 5869K, committed 6080K, reserved 393216K
  class space    used 774K, committed 896K, reserved 327680K
}
Event: 13.444 GC heap after
{Heap after GC invocations=3 (full 0):
 garbage-first heap   total 262144K, used 18475K [0x00000000e0000000, 0x0000000100000000)
  region size 1024K, 6 young (6144K), 6 survivors (6144K)
 Metaspace       used 5869K, committed 6080K, reserved 393216K
  class space    used 774K, committed 896K, reserved 327680K
}
Event: 23.784 GC heap before
{Heap before GC invocations=3 (full 0):
 garbage-first heap   total 262144K, used 105515K [0x00000000e0000000, 0x0000000100000000)
  region size 1024K, 92 young (94208K), 6 survivors (6144K)
 Metaspace       used 20833K, committed 21504K, reserved 393216K
  class space    used 3064K, committed 3392K, reserved 327680K
}
Event: 23.800 GC heap after
{Heap after GC invocations=4 (full 0):
 garbage-first heap   total 262144K, used 25643K [0x00000000e0000000, 0x0000000100000000)
  region size 1024K, 13 young (13312K), 13 survivors (13312K)
 Metaspace       used 20833K, committed 21504K, reserved 393216K
  class space    used 3064K, committed 3392K, reserved 327680K
}
Event: 30.753 GC heap before
{Heap before GC invocations=5 (full 0):
 garbage-first heap   total 262144K, used 118827K [0x00000000e0000000, 0x0000000100000000)
  region size 1024K, 106 young (108544K), 13 survivors (13312K)
 Metaspace       used 34884K, committed 36096K, reserved 393216K
  class space    used 5176K, committed 5760K, reserved 327680K
}
Event: 30.768 GC heap after
{Heap after GC invocations=6 (full 0):
 garbage-first heap   total 262144K, used 31983K [0x00000000e0000000, 0x0000000100000000)
  region size 1024K, 13 young (13312K), 13 survivors (13312K)
 Metaspace       used 34884K, committed 36096K, reserved 393216K
  class space    used 5176K, committed 5760K, reserved 327680K
}
Event: 30.811 GC heap before
{Heap before GC invocations=6 (full 0):
 garbage-first heap   total 262144K, used 31983K [0x00000000e0000000, 0x0000000100000000)
  region size 1024K, 14 young (14336K), 13 survivors (13312K)
 Metaspace       used 35206K, committed 36416K, reserved 393216K
  class space    used 5201K, committed 5824K, reserved 327680K
}
Event: 30.821 GC heap after
{Heap after GC invocations=7 (full 0):
 garbage-first heap   total 262144K, used 32473K [0x00000000e0000000, 0x0000000100000000)
  region size 1024K, 7 young (7168K), 7 survivors (7168K)
 Metaspace       used 35206K, committed 36416K, reserved 393216K
  class space    used 5201K, committed 5824K, reserved 327680K
}
Event: 30.961 GC heap before
{Heap before GC invocations=7 (full 0):
 garbage-first heap   total 262144K, used 34521K [0x00000000e0000000, 0x0000000100000000)
  region size 1024K, 11 young (11264K), 7 survivors (7168K)
 Metaspace       used 35526K, committed 36736K, reserved 393216K
  class space    used 5231K, committed 5824K, reserved 327680K
}
Event: 30.967 GC heap after
{Heap after GC invocations=8 (full 0):
 garbage-first heap   total 262144K, used 32341K [0x00000000e0000000, 0x0000000100000000)
  region size 1024K, 7 young (7168K), 7 survivors (7168K)
 Metaspace       used 35526K, committed 36736K, reserved 393216K
  class space    used 5231K, committed 5824K, reserved 327680K
}

